[22-Apr-2016 16:30:30 UTC] PHP Notice:  Use of undefined constant DDFPATH - assumed 'DDFPATH' in C:\xampp\htdocs\ddforum\index.php on line 18

[22-Apr-2016 16:30:30 UTC] PHP Stack trace:

[22-Apr-2016 16:30:30 UTC] PHP   1. {main}() C:\xampp\htdocs\ddforum\index.php:0

[22-Apr-2016 16:30:30 UTC] PHP Warning:  require_once(DDFPATHheader.php): failed to open stream: No such file or directory in C:\xampp\htdocs\ddforum\index.php on line 18

[22-Apr-2016 16:30:30 UTC] PHP Stack trace:

[22-Apr-2016 16:30:30 UTC] PHP   1. {main}() C:\xampp\htdocs\ddforum\index.php:0

[22-Apr-2016 16:30:30 UTC] PHP Fatal error:  require_once(): Failed opening required 'DDFPATHheader.php' (include_path='.;C:\xampp\php\PEAR') in C:\xampp\htdocs\ddforum\index.php on line 18

[22-Apr-2016 16:30:30 UTC] PHP Stack trace:

[22-Apr-2016 16:30:30 UTC] PHP   1. {main}() C:\xampp\htdocs\ddforum\index.php:0

[22-Apr-2016 16:31:05 UTC] PHP Fatal error:  Call to undefined function home_url() in C:\xampp\htdocs\ddforum\header.php on line 14

[22-Apr-2016 16:31:05 UTC] PHP Stack trace:

[22-Apr-2016 16:31:05 UTC] PHP   1. {main}() C:\xampp\htdocs\ddforum\index.php:0

[22-Apr-2016 16:31:05 UTC] PHP   2. require_once() C:\xampp\htdocs\ddforum\index.php:18

[22-Apr-2016 16:32:16 UTC] PHP Fatal error:  Class 'Site' not found in C:\xampp\htdocs\ddforum\header.php on line 14

[22-Apr-2016 16:32:16 UTC] PHP Stack trace:

[22-Apr-2016 16:32:16 UTC] PHP   1. {main}() C:\xampp\htdocs\ddforum\index.php:0

[22-Apr-2016 16:32:16 UTC] PHP   2. require_once() C:\xampp\htdocs\ddforum\index.php:18

[22-Apr-2016 16:34:34 UTC] PHP Notice:  Use of undefined constant DDFPATH - assumed 'DDFPATH' in C:\xampp\htdocs\ddforum\core\Site.php on line 41

[22-Apr-2016 16:34:34 UTC] PHP Stack trace:

[22-Apr-2016 16:34:34 UTC] PHP   1. {main}() C:\xampp\htdocs\ddforum\index.php:0

[22-Apr-2016 16:34:34 UTC] PHP   2. require_once() C:\xampp\htdocs\ddforum\index.php:18

[22-Apr-2016 16:34:34 UTC] PHP   3. DDForum\Core\Site::url() C:\xampp\htdocs\ddforum\header.php:16

[22-Apr-2016 16:34:34 UTC] PHP Fatal error:  Call to undefined function DDForum\Core\secure_protocol() in C:\xampp\htdocs\ddforum\core\Site.php on line 69

[22-Apr-2016 16:34:34 UTC] PHP Stack trace:

[22-Apr-2016 16:34:34 UTC] PHP   1. {main}() C:\xampp\htdocs\ddforum\index.php:0

[22-Apr-2016 16:34:34 UTC] PHP   2. require_once() C:\xampp\htdocs\ddforum\index.php:18

[22-Apr-2016 16:34:34 UTC] PHP   3. DDForum\Core\Site::url() C:\xampp\htdocs\ddforum\header.php:16

[22-Apr-2016 16:35:49 UTC] PHP Notice:  Use of undefined constant DDFPATH - assumed 'DDFPATH' in C:\xampp\htdocs\ddforum\core\Site.php on line 41

[22-Apr-2016 16:35:49 UTC] PHP Stack trace:

[22-Apr-2016 16:35:49 UTC] PHP   1. {main}() C:\xampp\htdocs\ddforum\index.php:0

[22-Apr-2016 16:35:49 UTC] PHP   2. require_once() C:\xampp\htdocs\ddforum\index.php:18

[22-Apr-2016 16:35:49 UTC] PHP   3. DDForum\Core\Site::url() C:\xampp\htdocs\ddforum\header.php:16

[22-Apr-2016 16:35:49 UTC] PHP Fatal error:  Call to undefined function DDForum\Core\secure_protocol() in C:\xampp\htdocs\ddforum\core\Site.php on line 69

[22-Apr-2016 16:35:49 UTC] PHP Stack trace:

[22-Apr-2016 16:35:49 UTC] PHP   1. {main}() C:\xampp\htdocs\ddforum\index.php:0

[22-Apr-2016 16:35:49 UTC] PHP   2. require_once() C:\xampp\htdocs\ddforum\index.php:18

[22-Apr-2016 16:35:49 UTC] PHP   3. DDForum\Core\Site::url() C:\xampp\htdocs\ddforum\header.php:16

[22-Apr-2016 16:37:00 UTC] PHP Fatal error:  Call to undefined function DDForum\Core\secure_protocol() in C:\xampp\htdocs\ddforum\core\Site.php on line 69

[22-Apr-2016 16:37:00 UTC] PHP Stack trace:

[22-Apr-2016 16:37:00 UTC] PHP   1. {main}() C:\xampp\htdocs\ddforum\index.php:0

[22-Apr-2016 16:37:00 UTC] PHP   2. require_once() C:\xampp\htdocs\ddforum\index.php:18

[22-Apr-2016 16:37:00 UTC] PHP   3. DDForum\Core\Site::url() C:\xampp\htdocs\ddforum\header.php:16

[22-Apr-2016 16:37:44 UTC] PHP Fatal error:  Class 'Option' not found in C:\xampp\htdocs\ddforum\header.php on line 28

[22-Apr-2016 16:37:44 UTC] PHP Stack trace:

[22-Apr-2016 16:37:44 UTC] PHP   1. {main}() C:\xampp\htdocs\ddforum\index.php:0

[22-Apr-2016 16:37:44 UTC] PHP   2. require_once() C:\xampp\htdocs\ddforum\index.php:18

[22-Apr-2016 16:38:16 UTC] PHP Fatal error:  Call to undefined function is_logged() in C:\xampp\htdocs\ddforum\header.php on line 34

[22-Apr-2016 16:38:16 UTC] PHP Stack trace:

[22-Apr-2016 16:38:16 UTC] PHP   1. {main}() C:\xampp\htdocs\ddforum\index.php:0

[22-Apr-2016 16:38:16 UTC] PHP   2. require_once() C:\xampp\htdocs\ddforum\index.php:18

[22-Apr-2016 17:57:26 UTC] PHP Notice:  Undefined index: options in C:\xampp\htdocs\ddforum\core\Option.php on line 27

[22-Apr-2016 17:57:26 UTC] PHP Stack trace:

[22-Apr-2016 17:57:26 UTC] PHP   1. {main}() C:\xampp\htdocs\ddforum\index.php:0

[22-Apr-2016 17:57:26 UTC] PHP   2. DDForum\Core\Option::get() C:\xampp\htdocs\ddforum\index.php:15

[22-Apr-2016 17:57:26 UTC] PHP Notice:  Trying to get property of non-object in C:\xampp\htdocs\ddforum\core\Option.php on line 30

[22-Apr-2016 17:57:26 UTC] PHP Stack trace:

[22-Apr-2016 17:57:26 UTC] PHP   1. {main}() C:\xampp\htdocs\ddforum\index.php:0

[22-Apr-2016 17:57:26 UTC] PHP   2. DDForum\Core\Option::get() C:\xampp\htdocs\ddforum\index.php:15

[22-Apr-2016 17:57:26 UTC] PHP Notice:  Undefined index: options in C:\xampp\htdocs\ddforum\core\Option.php on line 27

[22-Apr-2016 17:57:26 UTC] PHP Stack trace:

[22-Apr-2016 17:57:26 UTC] PHP   1. {main}() C:\xampp\htdocs\ddforum\index.php:0

[22-Apr-2016 17:57:26 UTC] PHP   2. require_once() C:\xampp\htdocs\ddforum\index.php:18

[22-Apr-2016 17:57:26 UTC] PHP   3. DDForum\Core\Option::get() C:\xampp\htdocs\ddforum\header.php:29

[22-Apr-2016 17:57:26 UTC] PHP Notice:  Trying to get property of non-object in C:\xampp\htdocs\ddforum\core\Option.php on line 30

[22-Apr-2016 17:57:26 UTC] PHP Stack trace:

[22-Apr-2016 17:57:26 UTC] PHP   1. {main}() C:\xampp\htdocs\ddforum\index.php:0

[22-Apr-2016 17:57:26 UTC] PHP   2. require_once() C:\xampp\htdocs\ddforum\index.php:18

[22-Apr-2016 17:57:26 UTC] PHP   3. DDForum\Core\Option::get() C:\xampp\htdocs\ddforum\header.php:29

[22-Apr-2016 17:57:26 UTC] PHP Fatal error:  Call to undefined function is_logged() in C:\xampp\htdocs\ddforum\header.php on line 34

[22-Apr-2016 17:57:26 UTC] PHP Stack trace:

[22-Apr-2016 17:57:26 UTC] PHP   1. {main}() C:\xampp\htdocs\ddforum\index.php:0

[22-Apr-2016 17:57:26 UTC] PHP   2. require_once() C:\xampp\htdocs\ddforum\index.php:18

[22-Apr-2016 19:18:47 UTC] PHP Fatal error:  Call to undefined function is_logged() in C:\xampp\htdocs\ddforum\header.php on line 34

[22-Apr-2016 19:18:47 UTC] PHP Stack trace:

[22-Apr-2016 19:18:47 UTC] PHP   1. {main}() C:\xampp\htdocs\ddforum\index.php:0

[22-Apr-2016 19:18:47 UTC] PHP   2. require_once() C:\xampp\htdocs\ddforum\index.php:18

[22-Apr-2016 19:19:25 UTC] PHP Fatal error:  Class 'Option' not found in C:\xampp\htdocs\ddforum\index.php on line 15

[22-Apr-2016 19:19:25 UTC] PHP Stack trace:

[22-Apr-2016 19:19:25 UTC] PHP   1. {main}() C:\xampp\htdocs\ddforum\index.php:0

[22-Apr-2016 19:21:19 UTC] PHP Fatal error:  Call to undefined function is_logged() in C:\xampp\htdocs\ddforum\header.php on line 34

[22-Apr-2016 19:21:19 UTC] PHP Stack trace:

[22-Apr-2016 19:21:19 UTC] PHP   1. {main}() C:\xampp\htdocs\ddforum\index.php:0

[22-Apr-2016 19:21:19 UTC] PHP   2. require_once() C:\xampp\htdocs\ddforum\index.php:18

[22-Apr-2016 20:02:03 UTC] PHP Fatal error:  Call to undefined function is_logged() in C:\xampp\htdocs\ddforum\header.php on line 34

[22-Apr-2016 20:02:03 UTC] PHP Stack trace:

[22-Apr-2016 20:02:03 UTC] PHP   1. {main}() C:\xampp\htdocs\ddforum\index.php:0

[22-Apr-2016 20:02:03 UTC] PHP   2. require_once() C:\xampp\htdocs\ddforum\index.php:18

[22-Apr-2016 20:02:08 UTC] PHP Parse error:  syntax error, unexpected '$prefixTable' (T_VARIABLE), expecting identifier (T_STRING) or class (T_CLASS) in C:\xampp\htdocs\ddforum\core\User.php on line 13

[22-Apr-2016 20:02:08 UTC] PHP Stack trace:

[22-Apr-2016 20:02:08 UTC] PHP   1. {main}() C:\xampp\htdocs\ddforum\test.php:0

[22-Apr-2016 20:02:08 UTC] PHP   2. spl_autoload_call() C:\xampp\htdocs\ddforum\test.php:18

[22-Apr-2016 20:02:08 UTC] PHP   3. Composer\Autoload\ClassLoader->loadClass() C:\xampp\htdocs\ddforum\test.php:18

[22-Apr-2016 20:02:08 UTC] PHP   4. Composer\Autoload\includeFile() C:\xampp\htdocs\ddforum\vendor\composer\ClassLoader.php:301

[22-Apr-2016 20:02:57 UTC] PHP Parse error:  syntax error, unexpected '$prefixTable' (T_VARIABLE), expecting identifier (T_STRING) or class (T_CLASS) in C:\xampp\htdocs\ddforum\core\User.php on line 13

[22-Apr-2016 20:02:57 UTC] PHP Stack trace:

[22-Apr-2016 20:02:57 UTC] PHP   1. {main}() C:\xampp\htdocs\ddforum\test.php:0

[22-Apr-2016 20:02:57 UTC] PHP   2. spl_autoload_call() C:\xampp\htdocs\ddforum\test.php:18

[22-Apr-2016 20:02:57 UTC] PHP   3. Composer\Autoload\ClassLoader->loadClass() C:\xampp\htdocs\ddforum\test.php:18

[22-Apr-2016 20:02:57 UTC] PHP   4. Composer\Autoload\includeFile() C:\xampp\htdocs\ddforum\vendor\composer\ClassLoader.php:301

[22-Apr-2016 20:04:21 UTC] PHP Fatal error:  Class 'DDForum\Core\DB' not found in C:\xampp\htdocs\ddforum\core\User.php on line 146

[22-Apr-2016 20:04:21 UTC] PHP Stack trace:

[22-Apr-2016 20:04:21 UTC] PHP   1. {main}() C:\xampp\htdocs\ddforum\test.php:0

[22-Apr-2016 20:04:21 UTC] PHP   2. DDForum\Core\User->get() C:\xampp\htdocs\ddforum\test.php:20

[22-Apr-2016 20:05:22 UTC] PHP Notice:  Trying to get property of non-object in C:\xampp\htdocs\ddforum\core\User.php on line 149

[22-Apr-2016 20:05:22 UTC] PHP Stack trace:

[22-Apr-2016 20:05:22 UTC] PHP   1. {main}() C:\xampp\htdocs\ddforum\test.php:0

[22-Apr-2016 20:05:22 UTC] PHP   2. DDForum\Core\User->get() C:\xampp\htdocs\ddforum\test.php:20

[22-Apr-2016 20:14:31 UTC] PHP Notice:  Trying to get property of non-object in C:\xampp\htdocs\ddforum\core\User.php on line 153

[22-Apr-2016 20:14:31 UTC] PHP Stack trace:

[22-Apr-2016 20:14:31 UTC] PHP   1. {main}() C:\xampp\htdocs\ddforum\test.php:0

[22-Apr-2016 20:14:31 UTC] PHP   2. DDForum\Core\User->get() C:\xampp\htdocs\ddforum\test.php:20

[22-Apr-2016 20:21:07 UTC] PHP Notice:  Trying to get property of non-object in C:\xampp\htdocs\ddforum\core\User.php on line 161

[22-Apr-2016 20:21:07 UTC] PHP Stack trace:

[22-Apr-2016 20:21:07 UTC] PHP   1. {main}() C:\xampp\htdocs\ddforum\test.php:0

[22-Apr-2016 20:21:07 UTC] PHP   2. DDForum\Core\User->get() C:\xampp\htdocs\ddforum\test.php:20

[22-Apr-2016 20:22:41 UTC] PHP Notice:  Trying to get property of non-object in C:\xampp\htdocs\ddforum\core\User.php on line 161

[22-Apr-2016 20:22:41 UTC] PHP Stack trace:

[22-Apr-2016 20:22:41 UTC] PHP   1. {main}() C:\xampp\htdocs\ddforum\test.php:0

[22-Apr-2016 20:22:41 UTC] PHP   2. DDForum\Core\User->get() C:\xampp\htdocs\ddforum\test.php:20

[22-Apr-2016 20:22:41 UTC] PHP Fatal error:  Class 'DDForum\Core\Exception' not found in C:\xampp\htdocs\ddforum\core\User.php on line 162

[22-Apr-2016 20:22:41 UTC] PHP Stack trace:

[22-Apr-2016 20:22:41 UTC] PHP   1. {main}() C:\xampp\htdocs\ddforum\test.php:0

[22-Apr-2016 20:22:41 UTC] PHP   2. DDForum\Core\User->get() C:\xampp\htdocs\ddforum\test.php:20

[22-Apr-2016 20:22:55 UTC] PHP Notice:  Trying to get property of non-object in C:\xampp\htdocs\ddforum\core\User.php on line 161

[22-Apr-2016 20:22:55 UTC] PHP Stack trace:

[22-Apr-2016 20:22:55 UTC] PHP   1. {main}() C:\xampp\htdocs\ddforum\test.php:0

[22-Apr-2016 20:22:55 UTC] PHP   2. DDForum\Core\User->get() C:\xampp\htdocs\ddforum\test.php:20

[22-Apr-2016 20:22:55 UTC] PHP Fatal error:  Uncaught exception 'Exception' with message 'Invalid field' in C:\xampp\htdocs\ddforum\core\User.php:162
Stack trace:
#0 C:\xampp\htdocs\ddforum\test.php(20): DDForum\Core\User->get('username', 'current_user')
#1 {main}
  thrown in C:\xampp\htdocs\ddforum\core\User.php on line 162

[22-Apr-2016 20:24:43 UTC] PHP Parse error:  syntax error, unexpected '}' in C:\xampp\htdocs\ddforum\core\User.php on line 163

[22-Apr-2016 20:24:43 UTC] PHP Stack trace:

[22-Apr-2016 20:24:43 UTC] PHP   1. {main}() C:\xampp\htdocs\ddforum\test.php:0

[22-Apr-2016 20:24:43 UTC] PHP   2. spl_autoload_call() C:\xampp\htdocs\ddforum\test.php:18

[22-Apr-2016 20:24:43 UTC] PHP   3. Composer\Autoload\ClassLoader->loadClass() C:\xampp\htdocs\ddforum\test.php:18

[22-Apr-2016 20:24:43 UTC] PHP   4. Composer\Autoload\includeFile() C:\xampp\htdocs\ddforum\vendor\composer\ClassLoader.php:301

[22-Apr-2016 20:25:03 UTC] PHP Notice:  Trying to get property of non-object in C:\xampp\htdocs\ddforum\core\User.php on line 162

[22-Apr-2016 20:25:03 UTC] PHP Stack trace:

[22-Apr-2016 20:25:03 UTC] PHP   1. {main}() C:\xampp\htdocs\ddforum\test.php:0

[22-Apr-2016 20:25:03 UTC] PHP   2. DDForum\Core\User->get() C:\xampp\htdocs\ddforum\test.php:20

[22-Apr-2016 20:26:09 UTC] PHP Notice:  Trying to get property of non-object in C:\xampp\htdocs\ddforum\core\User.php on line 161

[22-Apr-2016 20:26:09 UTC] PHP Stack trace:

[22-Apr-2016 20:26:09 UTC] PHP   1. {main}() C:\xampp\htdocs\ddforum\test.php:0

[22-Apr-2016 20:26:09 UTC] PHP   2. DDForum\Core\User->get() C:\xampp\htdocs\ddforum\test.php:20

[22-Apr-2016 20:26:09 UTC] PHP Fatal error:  Class 'DDForum\Core\InvalidArgumentException' not found in C:\xampp\htdocs\ddforum\core\User.php on line 162

[22-Apr-2016 20:26:09 UTC] PHP Stack trace:

[22-Apr-2016 20:26:09 UTC] PHP   1. {main}() C:\xampp\htdocs\ddforum\test.php:0

[22-Apr-2016 20:26:09 UTC] PHP   2. DDForum\Core\User->get() C:\xampp\htdocs\ddforum\test.php:20

[22-Apr-2016 20:26:18 UTC] PHP Notice:  Trying to get property of non-object in C:\xampp\htdocs\ddforum\core\User.php on line 161

[22-Apr-2016 20:26:18 UTC] PHP Stack trace:

[22-Apr-2016 20:26:18 UTC] PHP   1. {main}() C:\xampp\htdocs\ddforum\test.php:0

[22-Apr-2016 20:26:18 UTC] PHP   2. DDForum\Core\User->get() C:\xampp\htdocs\ddforum\test.php:20

[22-Apr-2016 20:26:18 UTC] PHP Fatal error:  Uncaught exception 'InvalidArgumentException' with message 'Invalid field' in C:\xampp\htdocs\ddforum\core\User.php:162
Stack trace:
#0 C:\xampp\htdocs\ddforum\test.php(20): DDForum\Core\User->get('username', 'current_user')
#1 {main}
  thrown in C:\xampp\htdocs\ddforum\core\User.php on line 162

[22-Apr-2016 20:27:24 UTC] PHP Notice:  Trying to get property of non-object in C:\xampp\htdocs\ddforum\core\User.php on line 161

[22-Apr-2016 20:27:24 UTC] PHP Stack trace:

[22-Apr-2016 20:27:25 UTC] PHP   1. {main}() C:\xampp\htdocs\ddforum\test.php:0

[22-Apr-2016 20:27:25 UTC] PHP   2. DDForum\Core\User->get() C:\xampp\htdocs\ddforum\test.php:20

[22-Apr-2016 20:28:41 UTC] PHP Parse error:  syntax error, unexpected '$this' (T_VARIABLE) in C:\xampp\htdocs\ddforum\core\User.php on line 163

[22-Apr-2016 20:28:41 UTC] PHP Stack trace:

[22-Apr-2016 20:28:41 UTC] PHP   1. {main}() C:\xampp\htdocs\ddforum\test.php:0

[22-Apr-2016 20:28:41 UTC] PHP   2. spl_autoload_call() C:\xampp\htdocs\ddforum\test.php:18

[22-Apr-2016 20:28:41 UTC] PHP   3. Composer\Autoload\ClassLoader->loadClass() C:\xampp\htdocs\ddforum\test.php:18

[22-Apr-2016 20:28:41 UTC] PHP   4. Composer\Autoload\includeFile() C:\xampp\htdocs\ddforum\vendor\composer\ClassLoader.php:301

[22-Apr-2016 20:28:51 UTC] PHP Notice:  Trying to get property of non-object in C:\xampp\htdocs\ddforum\core\User.php on line 161

[22-Apr-2016 20:28:51 UTC] PHP Stack trace:

[22-Apr-2016 20:28:51 UTC] PHP   1. {main}() C:\xampp\htdocs\ddforum\test.php:0

[22-Apr-2016 20:28:51 UTC] PHP   2. DDForum\Core\User->get() C:\xampp\htdocs\ddforum\test.php:20

[22-Apr-2016 20:31:01 UTC] PHP Parse error:  syntax error, unexpected '}' in C:\xampp\htdocs\ddforum\core\User.php on line 165

[22-Apr-2016 20:31:01 UTC] PHP Stack trace:

[22-Apr-2016 20:31:01 UTC] PHP   1. {main}() C:\xampp\htdocs\ddforum\test.php:0

[22-Apr-2016 20:31:01 UTC] PHP   2. spl_autoload_call() C:\xampp\htdocs\ddforum\test.php:18

[22-Apr-2016 20:31:01 UTC] PHP   3. Composer\Autoload\ClassLoader->loadClass() C:\xampp\htdocs\ddforum\test.php:18

[22-Apr-2016 20:31:01 UTC] PHP   4. Composer\Autoload\includeFile() C:\xampp\htdocs\ddforum\vendor\composer\ClassLoader.php:301

[22-Apr-2016 20:31:35 UTC] PHP Fatal error:  Call to undefined function is_logged() in C:\xampp\htdocs\ddforum\header.php on line 34

[22-Apr-2016 20:31:35 UTC] PHP Stack trace:

[22-Apr-2016 20:31:35 UTC] PHP   1. {main}() C:\xampp\htdocs\ddforum\index.php:0

[22-Apr-2016 20:31:35 UTC] PHP   2. require_once() C:\xampp\htdocs\ddforum\index.php:18

[22-Apr-2016 20:34:20 UTC] PHP Notice:  Undefined variable: ddf_db in C:\xampp\htdocs\ddforum\index.php on line 20

[22-Apr-2016 20:34:20 UTC] PHP Stack trace:

[22-Apr-2016 20:34:20 UTC] PHP   1. {main}() C:\xampp\htdocs\ddforum\index.php:0

[22-Apr-2016 20:34:20 UTC] PHP Fatal error:  Call to a member function fetch_all() on null in C:\xampp\htdocs\ddforum\index.php on line 20

[22-Apr-2016 20:34:20 UTC] PHP Stack trace:

[22-Apr-2016 20:34:20 UTC] PHP   1. {main}() C:\xampp\htdocs\ddforum\index.php:0

[22-Apr-2016 20:36:47 UTC] PHP Notice:  Undefined variable: ddf_db in C:\xampp\htdocs\ddforum\index.php on line 20

[22-Apr-2016 20:36:47 UTC] PHP Stack trace:

[22-Apr-2016 20:36:47 UTC] PHP   1. {main}() C:\xampp\htdocs\ddforum\index.php:0

[22-Apr-2016 20:36:47 UTC] PHP Fatal error:  Call to a member function fetch_all() on null in C:\xampp\htdocs\ddforum\index.php on line 20

[22-Apr-2016 20:36:47 UTC] PHP Stack trace:

[22-Apr-2016 20:36:47 UTC] PHP   1. {main}() C:\xampp\htdocs\ddforum\index.php:0

[22-Apr-2016 20:39:00 UTC] PHP Parse error:  syntax error, unexpected '$prefixTable' (T_VARIABLE), expecting identifier (T_STRING) or class (T_CLASS) in C:\xampp\htdocs\ddforum\core\User.php on line 13

[22-Apr-2016 20:39:00 UTC] PHP Stack trace:

[22-Apr-2016 20:39:00 UTC] PHP   1. {main}() C:\xampp\htdocs\ddforum\test.php:0

[22-Apr-2016 20:39:00 UTC] PHP   2. spl_autoload_call() C:\xampp\htdocs\ddforum\test.php:18

[22-Apr-2016 20:39:00 UTC] PHP   3. Composer\Autoload\ClassLoader->loadClass() C:\xampp\htdocs\ddforum\test.php:18

[22-Apr-2016 20:39:00 UTC] PHP   4. Composer\Autoload\includeFile() C:\xampp\htdocs\ddforum\vendor\composer\ClassLoader.php:301

[22-Apr-2016 20:41:16 UTC] PHP Parse error:  syntax error, unexpected '$prefixTable' (T_VARIABLE) in C:\xampp\htdocs\ddforum\core\User.php on line 13

[22-Apr-2016 20:41:16 UTC] PHP Stack trace:

[22-Apr-2016 20:41:16 UTC] PHP   1. {main}() C:\xampp\htdocs\ddforum\test.php:0

[22-Apr-2016 20:41:16 UTC] PHP   2. spl_autoload_call() C:\xampp\htdocs\ddforum\test.php:18

[22-Apr-2016 20:41:16 UTC] PHP   3. Composer\Autoload\ClassLoader->loadClass() C:\xampp\htdocs\ddforum\test.php:18

[22-Apr-2016 20:41:16 UTC] PHP   4. Composer\Autoload\includeFile() C:\xampp\htdocs\ddforum\vendor\composer\ClassLoader.php:301

[22-Apr-2016 20:43:36 UTC] PHP Fatal error:  Using $this when not in object context in C:\xampp\htdocs\ddforum\core\User.php on line 166

[22-Apr-2016 20:43:36 UTC] PHP Stack trace:

[22-Apr-2016 20:43:36 UTC] PHP   1. {main}() C:\xampp\htdocs\ddforum\test.php:0

[22-Apr-2016 20:43:36 UTC] PHP   2. DDForum\Core\User::get() C:\xampp\htdocs\ddforum\test.php:20

[22-Apr-2016 20:44:33 UTC] PHP Fatal error:  Access to undeclared static property: DDForum\Core\User::$usersTable in C:\xampp\htdocs\ddforum\core\User.php on line 118

[22-Apr-2016 20:44:33 UTC] PHP Stack trace:

[22-Apr-2016 20:44:33 UTC] PHP   1. {main}() C:\xampp\htdocs\ddforum\test.php:0

[22-Apr-2016 20:44:33 UTC] PHP   2. DDForum\Core\User->__construct() C:\xampp\htdocs\ddforum\test.php:18

[22-Apr-2016 20:44:48 UTC] PHP Fatal error:  Using $this when not in object context in C:\xampp\htdocs\ddforum\core\User.php on line 166

[22-Apr-2016 20:44:48 UTC] PHP Stack trace:

[22-Apr-2016 20:44:48 UTC] PHP   1. {main}() C:\xampp\htdocs\ddforum\test.php:0

[22-Apr-2016 20:44:48 UTC] PHP   2. DDForum\Core\User::get() C:\xampp\htdocs\ddforum\test.php:20

[22-Apr-2016 20:45:35 UTC] PHP Fatal error:  Using $this when not in object context in C:\xampp\htdocs\ddforum\core\User.php on line 169

[22-Apr-2016 20:45:35 UTC] PHP Stack trace:

[22-Apr-2016 20:45:35 UTC] PHP   1. {main}() C:\xampp\htdocs\ddforum\test.php:0

[22-Apr-2016 20:45:35 UTC] PHP   2. DDForum\Core\User::get() C:\xampp\htdocs\ddforum\test.php:20

[22-Apr-2016 20:50:47 UTC] PHP Notice:  Undefined variable: currentUserId in C:\xampp\htdocs\ddforum\core\User.php on line 166

[22-Apr-2016 20:50:47 UTC] PHP Stack trace:

[22-Apr-2016 20:50:47 UTC] PHP   1. {main}() C:\xampp\htdocs\ddforum\test.php:0

[22-Apr-2016 20:50:47 UTC] PHP   2. DDForum\Core\User::get() C:\xampp\htdocs\ddforum\test.php:20

[22-Apr-2016 20:50:47 UTC] PHP Fatal error:  Function name must be a string in C:\xampp\htdocs\ddforum\core\User.php on line 166

[22-Apr-2016 20:50:47 UTC] PHP Stack trace:

[22-Apr-2016 20:50:47 UTC] PHP   1. {main}() C:\xampp\htdocs\ddforum\test.php:0

[22-Apr-2016 20:50:47 UTC] PHP   2. DDForum\Core\User::get() C:\xampp\htdocs\ddforum\test.php:20

[22-Apr-2016 20:51:05 UTC] PHP Fatal error:  Using $this when not in object context in C:\xampp\htdocs\ddforum\core\User.php on line 169

[22-Apr-2016 20:51:05 UTC] PHP Stack trace:

[22-Apr-2016 20:51:05 UTC] PHP   1. {main}() C:\xampp\htdocs\ddforum\test.php:0

[22-Apr-2016 20:51:05 UTC] PHP   2. DDForum\Core\User::get() C:\xampp\htdocs\ddforum\test.php:20

[22-Apr-2016 20:51:42 UTC] PHP Strict standards:  Accessing static property DDForum\Core\User::$usersTable as non static in C:\xampp\htdocs\ddforum\core\User.php on line 118

[22-Apr-2016 20:51:42 UTC] PHP Stack trace:

[22-Apr-2016 20:51:42 UTC] PHP   1. {main}() C:\xampp\htdocs\ddforum\test.php:0

[22-Apr-2016 20:51:42 UTC] PHP   2. DDForum\Core\User->__construct() C:\xampp\htdocs\ddforum\test.php:18

[22-Apr-2016 20:51:42 UTC] PHP Notice:  Undefined variable: usersTable in C:\xampp\htdocs\ddforum\core\User.php on line 169

[22-Apr-2016 20:51:42 UTC] PHP Stack trace:

[22-Apr-2016 20:51:42 UTC] PHP   1. {main}() C:\xampp\htdocs\ddforum\test.php:0

[22-Apr-2016 20:51:42 UTC] PHP   2. DDForum\Core\User::get() C:\xampp\htdocs\ddforum\test.php:20

[22-Apr-2016 20:52:13 UTC] PHP Notice:  Undefined variable: usersTable in C:\xampp\htdocs\ddforum\core\User.php on line 169

[22-Apr-2016 20:52:13 UTC] PHP Stack trace:

[22-Apr-2016 20:52:13 UTC] PHP   1. {main}() C:\xampp\htdocs\ddforum\test.php:0

[22-Apr-2016 20:52:13 UTC] PHP   2. DDForum\Core\User::get() C:\xampp\htdocs\ddforum\test.php:20

[22-Apr-2016 20:52:25 UTC] PHP Notice:  Undefined variable: usersTable in C:\xampp\htdocs\ddforum\core\User.php on line 169

[22-Apr-2016 20:52:25 UTC] PHP Stack trace:

[22-Apr-2016 20:52:25 UTC] PHP   1. {main}() C:\xampp\htdocs\ddforum\test.php:0

[22-Apr-2016 20:52:25 UTC] PHP   2. DDForum\Core\User::get() C:\xampp\htdocs\ddforum\test.php:20

[22-Apr-2016 20:53:18 UTC] PHP Notice:  Undefined property: stdClass::$field in C:\xampp\htdocs\ddforum\core\User.php on line 179

[22-Apr-2016 20:53:18 UTC] PHP Stack trace:

[22-Apr-2016 20:53:18 UTC] PHP   1. {main}() C:\xampp\htdocs\ddforum\test.php:0

[22-Apr-2016 20:53:18 UTC] PHP   2. DDForum\Core\User::get() C:\xampp\htdocs\ddforum\test.php:20

[22-Apr-2016 20:54:52 UTC] PHP Parse error:  syntax error, unexpected '=', expecting '(' in C:\xampp\htdocs\ddforum\core\User.php on line 177

[22-Apr-2016 20:54:52 UTC] PHP Stack trace:

[22-Apr-2016 20:54:52 UTC] PHP   1. {main}() C:\xampp\htdocs\ddforum\test.php:0

[22-Apr-2016 20:54:52 UTC] PHP   2. spl_autoload_call() C:\xampp\htdocs\ddforum\test.php:18

[22-Apr-2016 20:54:52 UTC] PHP   3. Composer\Autoload\ClassLoader->loadClass() C:\xampp\htdocs\ddforum\test.php:18

[22-Apr-2016 20:54:52 UTC] PHP   4. Composer\Autoload\includeFile() C:\xampp\htdocs\ddforum\vendor\composer\ClassLoader.php:301

[22-Apr-2016 20:55:16 UTC] PHP Fatal error:  Access to undeclared static property: DDForum\Core\User::$field in C:\xampp\htdocs\ddforum\core\User.php on line 177

[22-Apr-2016 20:55:16 UTC] PHP Stack trace:

[22-Apr-2016 20:55:16 UTC] PHP   1. {main}() C:\xampp\htdocs\ddforum\test.php:0

[22-Apr-2016 20:55:16 UTC] PHP   2. DDForum\Core\User::get() C:\xampp\htdocs\ddforum\test.php:20

[22-Apr-2016 21:10:27 UTC] PHP Fatal error:  Cannot access private property DDForum\Core\User::$usersTable in C:\xampp\htdocs\ddforum\test.php on line 20

[22-Apr-2016 21:10:27 UTC] PHP Stack trace:

[22-Apr-2016 21:10:27 UTC] PHP   1. {main}() C:\xampp\htdocs\ddforum\test.php:0

[22-Apr-2016 21:10:42 UTC] PHP Strict standards:  Accessing static property DDForum\Core\User::$usersTable as non static in C:\xampp\htdocs\ddforum\test.php on line 20

[22-Apr-2016 21:10:42 UTC] PHP Stack trace:

[22-Apr-2016 21:10:42 UTC] PHP   1. {main}() C:\xampp\htdocs\ddforum\test.php:0

[22-Apr-2016 21:10:42 UTC] PHP Notice:  Undefined property: DDForum\Core\User::$usersTable in C:\xampp\htdocs\ddforum\test.php on line 20

[22-Apr-2016 21:10:42 UTC] PHP Stack trace:

[22-Apr-2016 21:10:42 UTC] PHP   1. {main}() C:\xampp\htdocs\ddforum\test.php:0

[22-Apr-2016 21:12:06 UTC] PHP Catchable fatal error:  Object of class PDOStatement could not be converted to string in C:\xampp\htdocs\ddforum\test.php on line 21

[22-Apr-2016 21:12:06 UTC] PHP Stack trace:

[22-Apr-2016 21:12:06 UTC] PHP   1. {main}() C:\xampp\htdocs\ddforum\test.php:0

[22-Apr-2016 21:17:16 UTC] PHP Notice:  Undefined variable: table in C:\xampp\htdocs\ddforum\core\Topic.php on line 47

[22-Apr-2016 21:17:16 UTC] PHP Stack trace:

[22-Apr-2016 21:17:16 UTC] PHP   1. {main}() C:\xampp\htdocs\ddforum\test.php:0

[22-Apr-2016 21:17:16 UTC] PHP   2. DDForum\Core\Topic::pinned() C:\xampp\htdocs\ddforum\test.php:24

[22-Apr-2016 21:17:16 UTC] PHP Fatal error:  Access to undeclared static property: DDForum\Core\Database::$stmt in C:\xampp\htdocs\ddforum\core\Database.php on line 185

[22-Apr-2016 21:17:16 UTC] PHP Stack trace:

[22-Apr-2016 21:17:16 UTC] PHP   1. {main}() C:\xampp\htdocs\ddforum\test.php:0

[22-Apr-2016 21:17:16 UTC] PHP   2. DDForum\Core\Topic::pinned() C:\xampp\htdocs\ddforum\test.php:24

[22-Apr-2016 21:17:16 UTC] PHP   3. DDForum\Core\Database::fetchAll() C:\xampp\htdocs\ddforum\core\Topic.php:49

[22-Apr-2016 21:17:43 UTC] PHP Fatal error:  Access to undeclared static property: DDForum\Core\Database::$stmt in C:\xampp\htdocs\ddforum\core\Database.php on line 185

[22-Apr-2016 21:17:43 UTC] PHP Stack trace:

[22-Apr-2016 21:17:43 UTC] PHP   1. {main}() C:\xampp\htdocs\ddforum\test.php:0

[22-Apr-2016 21:17:43 UTC] PHP   2. DDForum\Core\Topic::pinned() C:\xampp\htdocs\ddforum\test.php:24

[22-Apr-2016 21:17:43 UTC] PHP   3. DDForum\Core\Database::fetchAll() C:\xampp\htdocs\ddforum\core\Topic.php:49

[22-Apr-2016 21:18:12 UTC] PHP Notice:  Trying to get property of non-object in C:\xampp\htdocs\ddforum\test.php on line 24

[22-Apr-2016 21:18:12 UTC] PHP Stack trace:

[22-Apr-2016 21:18:12 UTC] PHP   1. {main}() C:\xampp\htdocs\ddforum\test.php:0

[22-Apr-2016 21:20:36 UTC] PHP Fatal error:  Call to undefined function get_forum() in C:\xampp\htdocs\ddforum\index.php on line 58

[22-Apr-2016 21:20:36 UTC] PHP Stack trace:

[22-Apr-2016 21:20:36 UTC] PHP   1. {main}() C:\xampp\htdocs\ddforum\index.php:0

[22-Apr-2016 21:27:47 UTC] PHP Parse error:  syntax error, unexpected 'return' (T_RETURN) in C:\xampp\htdocs\ddforum\core\Forum.php on line 47

[22-Apr-2016 21:27:47 UTC] PHP Stack trace:

[22-Apr-2016 21:27:47 UTC] PHP   1. {main}() C:\xampp\htdocs\ddforum\index.php:0

[22-Apr-2016 21:27:47 UTC] PHP   2. spl_autoload_call() C:\xampp\htdocs\ddforum\index.php:59

[22-Apr-2016 21:27:47 UTC] PHP   3. Composer\Autoload\ClassLoader->loadClass() C:\xampp\htdocs\ddforum\index.php:59

[22-Apr-2016 21:27:47 UTC] PHP   4. Composer\Autoload\includeFile() C:\xampp\htdocs\ddforum\vendor\composer\ClassLoader.php:301

[22-Apr-2016 21:27:59 UTC] PHP Fatal error:  Cannot redeclare class DDForum\Core\Topic in C:\xampp\htdocs\ddforum\core\Forum.php on line 8

[22-Apr-2016 21:27:59 UTC] PHP Stack trace:

[22-Apr-2016 21:27:59 UTC] PHP   1. {main}() C:\xampp\htdocs\ddforum\index.php:0

[22-Apr-2016 21:27:59 UTC] PHP   2. spl_autoload_call() C:\xampp\htdocs\ddforum\index.php:59

[22-Apr-2016 21:27:59 UTC] PHP   3. Composer\Autoload\ClassLoader->loadClass() C:\xampp\htdocs\ddforum\index.php:59

[22-Apr-2016 21:27:59 UTC] PHP   4. Composer\Autoload\includeFile() C:\xampp\htdocs\ddforum\vendor\composer\ClassLoader.php:301

[22-Apr-2016 21:27:59 UTC] PHP   5. include() C:\xampp\htdocs\ddforum\vendor\composer\ClassLoader.php:412

[22-Apr-2016 21:28:25 UTC] PHP Fatal error:  Call to undefined function get_user() in C:\xampp\htdocs\ddforum\index.php on line 65

[22-Apr-2016 21:28:25 UTC] PHP Stack trace:

[22-Apr-2016 21:28:25 UTC] PHP   1. {main}() C:\xampp\htdocs\ddforum\index.php:0

[22-Apr-2016 21:29:05 UTC] PHP Fatal error:  Class 'User' not found in C:\xampp\htdocs\ddforum\index.php on line 65

[22-Apr-2016 21:29:05 UTC] PHP Stack trace:

[22-Apr-2016 21:29:05 UTC] PHP   1. {main}() C:\xampp\htdocs\ddforum\index.php:0

[22-Apr-2016 21:29:31 UTC] PHP Fatal error:  Call to undefined function time2str() in C:\xampp\htdocs\ddforum\index.php on line 79

[22-Apr-2016 21:29:31 UTC] PHP Stack trace:

[22-Apr-2016 21:29:31 UTC] PHP   1. {main}() C:\xampp\htdocs\ddforum\index.php:0

[22-Apr-2016 21:31:36 UTC] PHP Fatal error:  Call to undefined function timestamp() in C:\xampp\htdocs\ddforum\index.php on line 79

[22-Apr-2016 21:31:36 UTC] PHP Stack trace:

[22-Apr-2016 21:31:36 UTC] PHP   1. {main}() C:\xampp\htdocs\ddforum\index.php:0

[22-Apr-2016 21:44:54 UTC] PHP Fatal error:  Class 'Util' not found in C:\xampp\htdocs\ddforum\index.php on line 79

[22-Apr-2016 21:44:54 UTC] PHP Stack trace:

[22-Apr-2016 21:44:54 UTC] PHP   1. {main}() C:\xampp\htdocs\ddforum\index.php:0

[22-Apr-2016 21:45:20 UTC] PHP Fatal error:  Call to undefined function timestamp() in C:\xampp\htdocs\ddforum\index.php on line 80

[22-Apr-2016 21:45:20 UTC] PHP Stack trace:

[22-Apr-2016 21:45:20 UTC] PHP   1. {main}() C:\xampp\htdocs\ddforum\index.php:0

[22-Apr-2016 21:45:41 UTC] PHP Notice:  Use of undefined constant DDFPATH - assumed 'DDFPATH' in C:\xampp\htdocs\ddforum\index.php on line 91

[22-Apr-2016 21:45:41 UTC] PHP Stack trace:

[22-Apr-2016 21:45:42 UTC] PHP   1. {main}() C:\xampp\htdocs\ddforum\index.php:0

[22-Apr-2016 21:45:42 UTC] PHP Warning:  include(DDFPATHfooter.php): failed to open stream: No such file or directory in C:\xampp\htdocs\ddforum\index.php on line 91

[22-Apr-2016 21:45:42 UTC] PHP Stack trace:

[22-Apr-2016 21:45:42 UTC] PHP   1. {main}() C:\xampp\htdocs\ddforum\index.php:0

[22-Apr-2016 21:45:42 UTC] PHP Warning:  include(): Failed opening 'DDFPATHfooter.php' for inclusion (include_path='.;C:\xampp\php\PEAR') in C:\xampp\htdocs\ddforum\index.php on line 91

[22-Apr-2016 21:45:42 UTC] PHP Stack trace:

[22-Apr-2016 21:45:42 UTC] PHP   1. {main}() C:\xampp\htdocs\ddforum\index.php:0

[22-Apr-2016 21:46:39 UTC] PHP Notice:  Array to string conversion in C:\xampp\htdocs\ddforum\index.php on line 80

[22-Apr-2016 21:46:39 UTC] PHP Stack trace:

[22-Apr-2016 21:46:39 UTC] PHP   1. {main}() C:\xampp\htdocs\ddforum\index.php:0

[22-Apr-2016 21:46:39 UTC] PHP Notice:  Array to string conversion in C:\xampp\htdocs\ddforum\index.php on line 80

[22-Apr-2016 21:46:39 UTC] PHP Stack trace:

[22-Apr-2016 21:46:39 UTC] PHP   1. {main}() C:\xampp\htdocs\ddforum\index.php:0

[22-Apr-2016 21:46:39 UTC] PHP Notice:  Array to string conversion in C:\xampp\htdocs\ddforum\index.php on line 80

[22-Apr-2016 21:46:39 UTC] PHP Stack trace:

[22-Apr-2016 21:46:39 UTC] PHP   1. {main}() C:\xampp\htdocs\ddforum\index.php:0

[22-Apr-2016 21:46:39 UTC] PHP Notice:  Array to string conversion in C:\xampp\htdocs\ddforum\index.php on line 80

[22-Apr-2016 21:46:39 UTC] PHP Stack trace:

[22-Apr-2016 21:46:39 UTC] PHP   1. {main}() C:\xampp\htdocs\ddforum\index.php:0

[22-Apr-2016 21:46:39 UTC] PHP Notice:  Array to string conversion in C:\xampp\htdocs\ddforum\index.php on line 80

[22-Apr-2016 21:46:39 UTC] PHP Stack trace:

[22-Apr-2016 21:46:39 UTC] PHP   1. {main}() C:\xampp\htdocs\ddforum\index.php:0

[22-Apr-2016 21:46:39 UTC] PHP Notice:  Array to string conversion in C:\xampp\htdocs\ddforum\index.php on line 80

[22-Apr-2016 21:46:39 UTC] PHP Stack trace:

[22-Apr-2016 21:46:39 UTC] PHP   1. {main}() C:\xampp\htdocs\ddforum\index.php:0

[22-Apr-2016 21:46:39 UTC] PHP Notice:  Use of undefined constant DDFPATH - assumed 'DDFPATH' in C:\xampp\htdocs\ddforum\index.php on line 91

[22-Apr-2016 21:46:39 UTC] PHP Stack trace:

[22-Apr-2016 21:46:39 UTC] PHP   1. {main}() C:\xampp\htdocs\ddforum\index.php:0

[22-Apr-2016 21:46:39 UTC] PHP Warning:  include(DDFPATHfooter.php): failed to open stream: No such file or directory in C:\xampp\htdocs\ddforum\index.php on line 91

[22-Apr-2016 21:46:39 UTC] PHP Stack trace:

[22-Apr-2016 21:46:39 UTC] PHP   1. {main}() C:\xampp\htdocs\ddforum\index.php:0

[22-Apr-2016 21:46:39 UTC] PHP Warning:  include(): Failed opening 'DDFPATHfooter.php' for inclusion (include_path='.;C:\xampp\php\PEAR') in C:\xampp\htdocs\ddforum\index.php on line 91

[22-Apr-2016 21:46:39 UTC] PHP Stack trace:

[22-Apr-2016 21:46:39 UTC] PHP   1. {main}() C:\xampp\htdocs\ddforum\index.php:0

[22-Apr-2016 21:47:36 UTC] PHP Warning:  Missing argument 2 for DDForum\Core\Util::locale_date(), called in C:\xampp\htdocs\ddforum\index.php on line 80 and defined in C:\xampp\htdocs\ddforum\core\Util.php on line 73

[22-Apr-2016 21:47:36 UTC] PHP Stack trace:

[22-Apr-2016 21:47:36 UTC] PHP   1. {main}() C:\xampp\htdocs\ddforum\index.php:0

[22-Apr-2016 21:47:36 UTC] PHP   2. DDForum\Core\Util::locale_date() C:\xampp\htdocs\ddforum\index.php:80

[22-Apr-2016 21:47:36 UTC] PHP Notice:  Undefined variable: timestamp in C:\xampp\htdocs\ddforum\core\Util.php on line 82

[22-Apr-2016 21:47:36 UTC] PHP Stack trace:

[22-Apr-2016 21:47:36 UTC] PHP   1. {main}() C:\xampp\htdocs\ddforum\index.php:0

[22-Apr-2016 21:47:36 UTC] PHP   2. DDForum\Core\Util::locale_date() C:\xampp\htdocs\ddforum\index.php:80

[22-Apr-2016 21:47:36 UTC] PHP Warning:  Missing argument 2 for DDForum\Core\Util::locale_date(), called in C:\xampp\htdocs\ddforum\index.php on line 80 and defined in C:\xampp\htdocs\ddforum\core\Util.php on line 73

[22-Apr-2016 21:47:36 UTC] PHP Stack trace:

[22-Apr-2016 21:47:36 UTC] PHP   1. {main}() C:\xampp\htdocs\ddforum\index.php:0

[22-Apr-2016 21:47:36 UTC] PHP   2. DDForum\Core\Util::locale_date() C:\xampp\htdocs\ddforum\index.php:80

[22-Apr-2016 21:47:36 UTC] PHP Notice:  Undefined variable: timestamp in C:\xampp\htdocs\ddforum\core\Util.php on line 82

[22-Apr-2016 21:47:36 UTC] PHP Stack trace:

[22-Apr-2016 21:47:36 UTC] PHP   1. {main}() C:\xampp\htdocs\ddforum\index.php:0

[22-Apr-2016 21:47:36 UTC] PHP   2. DDForum\Core\Util::locale_date() C:\xampp\htdocs\ddforum\index.php:80

[22-Apr-2016 21:47:36 UTC] PHP Warning:  Missing argument 2 for DDForum\Core\Util::locale_date(), called in C:\xampp\htdocs\ddforum\index.php on line 80 and defined in C:\xampp\htdocs\ddforum\core\Util.php on line 73

[22-Apr-2016 21:47:36 UTC] PHP Stack trace:

[22-Apr-2016 21:47:36 UTC] PHP   1. {main}() C:\xampp\htdocs\ddforum\index.php:0

[22-Apr-2016 21:47:36 UTC] PHP   2. DDForum\Core\Util::locale_date() C:\xampp\htdocs\ddforum\index.php:80

[22-Apr-2016 21:47:36 UTC] PHP Notice:  Undefined variable: timestamp in C:\xampp\htdocs\ddforum\core\Util.php on line 82

[22-Apr-2016 21:47:36 UTC] PHP Stack trace:

[22-Apr-2016 21:47:36 UTC] PHP   1. {main}() C:\xampp\htdocs\ddforum\index.php:0

[22-Apr-2016 21:47:36 UTC] PHP   2. DDForum\Core\Util::locale_date() C:\xampp\htdocs\ddforum\index.php:80

[22-Apr-2016 21:47:36 UTC] PHP Warning:  Missing argument 2 for DDForum\Core\Util::locale_date(), called in C:\xampp\htdocs\ddforum\index.php on line 80 and defined in C:\xampp\htdocs\ddforum\core\Util.php on line 73

[22-Apr-2016 21:47:36 UTC] PHP Stack trace:

[22-Apr-2016 21:47:36 UTC] PHP   1. {main}() C:\xampp\htdocs\ddforum\index.php:0

[22-Apr-2016 21:47:36 UTC] PHP   2. DDForum\Core\Util::locale_date() C:\xampp\htdocs\ddforum\index.php:80

[22-Apr-2016 21:47:36 UTC] PHP Notice:  Undefined variable: timestamp in C:\xampp\htdocs\ddforum\core\Util.php on line 82

[22-Apr-2016 21:47:36 UTC] PHP Stack trace:

[22-Apr-2016 21:47:36 UTC] PHP   1. {main}() C:\xampp\htdocs\ddforum\index.php:0

[22-Apr-2016 21:47:36 UTC] PHP   2. DDForum\Core\Util::locale_date() C:\xampp\htdocs\ddforum\index.php:80

[22-Apr-2016 21:47:36 UTC] PHP Warning:  Missing argument 2 for DDForum\Core\Util::locale_date(), called in C:\xampp\htdocs\ddforum\index.php on line 80 and defined in C:\xampp\htdocs\ddforum\core\Util.php on line 73

[22-Apr-2016 21:47:36 UTC] PHP Stack trace:

[22-Apr-2016 21:47:36 UTC] PHP   1. {main}() C:\xampp\htdocs\ddforum\index.php:0

[22-Apr-2016 21:47:36 UTC] PHP   2. DDForum\Core\Util::locale_date() C:\xampp\htdocs\ddforum\index.php:80

[22-Apr-2016 21:47:36 UTC] PHP Notice:  Undefined variable: timestamp in C:\xampp\htdocs\ddforum\core\Util.php on line 82

[22-Apr-2016 21:47:36 UTC] PHP Stack trace:

[22-Apr-2016 21:47:36 UTC] PHP   1. {main}() C:\xampp\htdocs\ddforum\index.php:0

[22-Apr-2016 21:47:36 UTC] PHP   2. DDForum\Core\Util::locale_date() C:\xampp\htdocs\ddforum\index.php:80

[22-Apr-2016 21:47:36 UTC] PHP Warning:  Missing argument 2 for DDForum\Core\Util::locale_date(), called in C:\xampp\htdocs\ddforum\index.php on line 80 and defined in C:\xampp\htdocs\ddforum\core\Util.php on line 73

[22-Apr-2016 21:47:36 UTC] PHP Stack trace:

[22-Apr-2016 21:47:36 UTC] PHP   1. {main}() C:\xampp\htdocs\ddforum\index.php:0

[22-Apr-2016 21:47:36 UTC] PHP   2. DDForum\Core\Util::locale_date() C:\xampp\htdocs\ddforum\index.php:80

[22-Apr-2016 21:47:36 UTC] PHP Notice:  Undefined variable: timestamp in C:\xampp\htdocs\ddforum\core\Util.php on line 82

[22-Apr-2016 21:47:36 UTC] PHP Stack trace:

[22-Apr-2016 21:47:36 UTC] PHP   1. {main}() C:\xampp\htdocs\ddforum\index.php:0

[22-Apr-2016 21:47:36 UTC] PHP   2. DDForum\Core\Util::locale_date() C:\xampp\htdocs\ddforum\index.php:80

[22-Apr-2016 21:47:36 UTC] PHP Notice:  Use of undefined constant DDFPATH - assumed 'DDFPATH' in C:\xampp\htdocs\ddforum\index.php on line 91

[22-Apr-2016 21:47:36 UTC] PHP Stack trace:

[22-Apr-2016 21:47:36 UTC] PHP   1. {main}() C:\xampp\htdocs\ddforum\index.php:0

[22-Apr-2016 21:47:36 UTC] PHP Warning:  include(DDFPATHfooter.php): failed to open stream: No such file or directory in C:\xampp\htdocs\ddforum\index.php on line 91

[22-Apr-2016 21:47:36 UTC] PHP Stack trace:

[22-Apr-2016 21:47:36 UTC] PHP   1. {main}() C:\xampp\htdocs\ddforum\index.php:0

[22-Apr-2016 21:47:36 UTC] PHP Warning:  include(): Failed opening 'DDFPATHfooter.php' for inclusion (include_path='.;C:\xampp\php\PEAR') in C:\xampp\htdocs\ddforum\index.php on line 91

[22-Apr-2016 21:47:36 UTC] PHP Stack trace:

[22-Apr-2016 21:47:36 UTC] PHP   1. {main}() C:\xampp\htdocs\ddforum\index.php:0

[22-Apr-2016 21:47:58 UTC] PHP Notice:  Use of undefined constant DDFPATH - assumed 'DDFPATH' in C:\xampp\htdocs\ddforum\index.php on line 91

[22-Apr-2016 21:47:58 UTC] PHP Stack trace:

[22-Apr-2016 21:47:58 UTC] PHP   1. {main}() C:\xampp\htdocs\ddforum\index.php:0

[22-Apr-2016 21:47:58 UTC] PHP Warning:  include(DDFPATHfooter.php): failed to open stream: No such file or directory in C:\xampp\htdocs\ddforum\index.php on line 91

[22-Apr-2016 21:47:58 UTC] PHP Stack trace:

[22-Apr-2016 21:47:58 UTC] PHP   1. {main}() C:\xampp\htdocs\ddforum\index.php:0

[22-Apr-2016 21:47:58 UTC] PHP Warning:  include(): Failed opening 'DDFPATHfooter.php' for inclusion (include_path='.;C:\xampp\php\PEAR') in C:\xampp\htdocs\ddforum\index.php on line 91

[22-Apr-2016 21:47:58 UTC] PHP Stack trace:

[22-Apr-2016 21:47:58 UTC] PHP   1. {main}() C:\xampp\htdocs\ddforum\index.php:0

[22-Apr-2016 21:48:10 UTC] PHP Notice:  Use of undefined constant DDFPATH - assumed 'DDFPATH' in C:\xampp\htdocs\ddforum\index.php on line 91

[22-Apr-2016 21:48:10 UTC] PHP Stack trace:

[22-Apr-2016 21:48:10 UTC] PHP   1. {main}() C:\xampp\htdocs\ddforum\index.php:0

[22-Apr-2016 21:48:10 UTC] PHP Warning:  include(DDFPATHfooter.php): failed to open stream: No such file or directory in C:\xampp\htdocs\ddforum\index.php on line 91

[22-Apr-2016 21:48:10 UTC] PHP Stack trace:

[22-Apr-2016 21:48:10 UTC] PHP   1. {main}() C:\xampp\htdocs\ddforum\index.php:0

[22-Apr-2016 21:48:10 UTC] PHP Warning:  include(): Failed opening 'DDFPATHfooter.php' for inclusion (include_path='.;C:\xampp\php\PEAR') in C:\xampp\htdocs\ddforum\index.php on line 91

[22-Apr-2016 21:48:10 UTC] PHP Stack trace:

[22-Apr-2016 21:48:10 UTC] PHP   1. {main}() C:\xampp\htdocs\ddforum\index.php:0

[22-Apr-2016 21:48:23 UTC] PHP Notice:  Use of undefined constant DDFPATH - assumed 'DDFPATH' in C:\xampp\htdocs\ddforum\index.php on line 91

[22-Apr-2016 21:48:23 UTC] PHP Stack trace:

[22-Apr-2016 21:48:23 UTC] PHP   1. {main}() C:\xampp\htdocs\ddforum\index.php:0

[22-Apr-2016 21:48:23 UTC] PHP Warning:  include(DDFPATHfooter.php): failed to open stream: No such file or directory in C:\xampp\htdocs\ddforum\index.php on line 91

[22-Apr-2016 21:48:23 UTC] PHP Stack trace:

[22-Apr-2016 21:48:23 UTC] PHP   1. {main}() C:\xampp\htdocs\ddforum\index.php:0

[22-Apr-2016 21:48:23 UTC] PHP Warning:  include(): Failed opening 'DDFPATHfooter.php' for inclusion (include_path='.;C:\xampp\php\PEAR') in C:\xampp\htdocs\ddforum\index.php on line 91

[22-Apr-2016 21:48:23 UTC] PHP Stack trace:

[22-Apr-2016 21:48:23 UTC] PHP   1. {main}() C:\xampp\htdocs\ddforum\index.php:0

[25-Apr-2016 14:09:39 UTC] PHP Fatal error:  Call to undefined function is_logged() in C:\xampp\htdocs\ddforum\inc\login.php on line 40
[25-Apr-2016 14:09:39 UTC] PHP Stack trace:
[25-Apr-2016 14:09:39 UTC] PHP   1. {main}() C:\xampp\htdocs\ddforum\auth.php:0
[25-Apr-2016 14:09:39 UTC] PHP   2. include() C:\xampp\htdocs\ddforum\auth.php:27
[25-Apr-2016 14:10:22 UTC] PHP Fatal error:  Class 'Option' not found in C:\xampp\htdocs\ddforum\inc\login.php on line 14
[25-Apr-2016 14:10:22 UTC] PHP Stack trace:
[25-Apr-2016 14:10:22 UTC] PHP   1. {main}() C:\xampp\htdocs\ddforum\auth.php:0
[25-Apr-2016 14:10:22 UTC] PHP   2. include() C:\xampp\htdocs\ddforum\auth.php:27
[25-Apr-2016 14:10:32 UTC] PHP Fatal error:  Call to undefined function is_logged() in C:\xampp\htdocs\ddforum\inc\login.php on line 40
[25-Apr-2016 14:10:32 UTC] PHP Stack trace:
[25-Apr-2016 14:10:32 UTC] PHP   1. {main}() C:\xampp\htdocs\ddforum\auth.php:0
[25-Apr-2016 14:10:32 UTC] PHP   2. include() C:\xampp\htdocs\ddforum\auth.php:27
[25-Apr-2016 18:05:32 UTC] PHP Fatal error:  Class 'Filter' not found in C:\xampp\htdocs\ddforum\test.php on line 19
[25-Apr-2016 18:05:32 UTC] PHP Stack trace:
[25-Apr-2016 18:05:32 UTC] PHP   1. {main}() C:\xampp\htdocs\ddforum\test.php:0
[25-Apr-2016 18:06:10 UTC] PHP Fatal error:  Class 'DDForum\Core\Exception' not found in C:\xampp\htdocs\ddforum\core\Filter.php on line 26
[25-Apr-2016 18:06:10 UTC] PHP Stack trace:
[25-Apr-2016 18:06:10 UTC] PHP   1. {main}() C:\xampp\htdocs\ddforum\test.php:0
[25-Apr-2016 18:06:10 UTC] PHP   2. DDForum\Core\Filter::username() C:\xampp\htdocs\ddforum\test.php:20
[25-Apr-2016 18:06:33 UTC] PHP Fatal error:  Uncaught exception 'Exception' with message 'Username contains invalid characters, only Alphanumeric are allowed' in C:\xampp\htdocs\ddforum\core\Filter.php:26
Stack trace:
#0 C:\xampp\htdocs\ddforum\test.php(20): DDForum\Core\Filter::username('Deondazy#')
#1 {main}
  thrown in C:\xampp\htdocs\ddforum\core\Filter.php on line 26
[25-Apr-2016 18:45:36 UTC] PHP Fatal error:  Uncaught exception 'Exception' with message 'Username contains invalid characters, only Alphanumeric are allowed' in C:\xampp\htdocs\ddforum\core\Filter.php:26
Stack trace:
#0 C:\xampp\htdocs\ddforum\test.php(20): DDForum\Core\Filter::username('Deondazy#')
#1 {main}
  thrown in C:\xampp\htdocs\ddforum\core\Filter.php on line 26
[25-Apr-2016 18:45:59 UTC] PHP Fatal error:  Uncaught exception 'Exception' with message 'Username contains invalid characters, only Alphanumeric are allowed' in C:\xampp\htdocs\ddforum\core\Filter.php:26
Stack trace:
#0 C:\xampp\htdocs\ddforum\test.php(20): DDForum\Core\Filter::username('Deondazy#')
#1 {main}
  thrown in C:\xampp\htdocs\ddforum\core\Filter.php on line 26
[25-Apr-2016 18:47:51 UTC] PHP Fatal error:  Uncaught exception 'Exception' with message 'Username contains invalid characters, only Alphanumeric are allowed' in C:\xampp\htdocs\ddforum\core\Filter.php:26
Stack trace:
#0 C:\xampp\htdocs\ddforum\test.php(20): DDForum\Core\Filter::username('Deondazy#')
#1 {main}
  thrown in C:\xampp\htdocs\ddforum\core\Filter.php on line 26
[25-Apr-2016 18:48:05 UTC] PHP Fatal error:  Uncaught exception 'Exception' with message 'Username contains invalid characters, only Alphanumeric are allowed' in C:\xampp\htdocs\ddforum\core\Filter.php:26
Stack trace:
#0 C:\xampp\htdocs\ddforum\test.php(20): DDForum\Core\Filter::username('Deondazy#')
#1 {main}
  thrown in C:\xampp\htdocs\ddforum\core\Filter.php on line 26
[25-Apr-2016 18:48:56 UTC] PHP Fatal error:  Uncaught exception 'Exception' with message 'Username contains invalid characters, only Alphanumeric are allowed' in C:\xampp\htdocs\ddforum\core\Filter.php:26
Stack trace:
#0 C:\xampp\htdocs\ddforum\test.php(20): DDForum\Core\Filter::username('Deondazy#')
#1 {main}
  thrown in C:\xampp\htdocs\ddforum\core\Filter.php on line 26
[25-Apr-2016 18:49:14 UTC] PHP Fatal error:  Uncaught exception 'Exception' with message 'Username contains invalid characters, only Alphanumeric are allowed' in C:\xampp\htdocs\ddforum\core\Filter.php:26
Stack trace:
#0 C:\xampp\htdocs\ddforum\test.php(20): DDForum\Core\Filter::username('Deondazy#')
#1 {main}
  thrown in C:\xampp\htdocs\ddforum\core\Filter.php on line 26
[25-Apr-2016 18:50:43 UTC] PHP Fatal error:  Uncaught exception 'Exception' with message 'Username contains invalid characters, only Alphanumeric are allowed' in C:\xampp\htdocs\ddforum\core\Filter.php:26
Stack trace:
#0 C:\xampp\htdocs\ddforum\test.php(20): DDForum\Core\Filter::username('Deondazy#')
#1 {main}
  thrown in C:\xampp\htdocs\ddforum\core\Filter.php on line 26
[25-Apr-2016 18:55:20 UTC] PHP Fatal error:  Uncaught exception 'Exception' with message 'Username contains invalid characters, only Alphanumeric are allowed' in C:\xampp\htdocs\ddforum\core\Filter.php:26
Stack trace:
#0 C:\xampp\htdocs\ddforum\test.php(20): DDForum\Core\Filter::username('Deondazy#')
#1 {main}
  thrown in C:\xampp\htdocs\ddforum\core\Filter.php on line 26
[25-Apr-2016 18:58:41 UTC] PHP Fatal error:  Uncaught exception 'Exception' with message 'Username contains invalid characters, only Alphanumeric are allowed' in C:\xampp\htdocs\ddforum\core\Filter.php:26
Stack trace:
#0 C:\xampp\htdocs\ddforum\test.php(20): DDForum\Core\Filter::username('Deondazy#')
#1 {main}
  thrown in C:\xampp\htdocs\ddforum\core\Filter.php on line 26
[25-Apr-2016 18:59:42 UTC] PHP Fatal error:  Uncaught exception 'Exception' with message 'Username contains invalid characters, only Alphanumeric are allowed' in C:\xampp\htdocs\ddforum\core\Filter.php:26
Stack trace:
#0 C:\xampp\htdocs\ddforum\test.php(20): DDForum\Core\Filter::username('Deondazy#')
#1 {main}
  thrown in C:\xampp\htdocs\ddforum\core\Filter.php on line 26
[25-Apr-2016 18:59:45 UTC] PHP Fatal error:  Uncaught exception 'Exception' with message 'Username contains invalid characters, only Alphanumeric are allowed' in C:\xampp\htdocs\ddforum\core\Filter.php:26
Stack trace:
#0 C:\xampp\htdocs\ddforum\test.php(20): DDForum\Core\Filter::username('Deondazy#')
#1 {main}
  thrown in C:\xampp\htdocs\ddforum\core\Filter.php on line 26
[25-Apr-2016 19:00:27 UTC] XDebug could not open the remote debug file 'C:\xampp\xdebug\xdebug.log'.
[25-Apr-2016 19:01:28 UTC] PHP Fatal error:  Uncaught exception 'Exception' with message 'Username contains invalid characters, only Alphanumeric are allowed' in C:\xampp\htdocs\ddforum\core\Filter.php:26
Stack trace:
#0 C:\xampp\htdocs\ddforum\test.php(21): DDForum\Core\Filter::username('Deondazy#')
#1 {main}
  thrown in C:\xampp\htdocs\ddforum\core\Filter.php on line 26
[25-Apr-2016 19:02:51 UTC] PHP Fatal error:  Uncaught exception 'Exception' with message 'Username contains invalid characters, only Alphanumeric are allowed' in C:\xampp\htdocs\ddforum\core\Filter.php:26
Stack trace:
#0 C:\xampp\htdocs\ddforum\test.php(20): DDForum\Core\Filter::username('Deondazy#')
#1 {main}
  thrown in C:\xampp\htdocs\ddforum\core\Filter.php on line 26
[25-Apr-2016 19:03:42 UTC] PHP Fatal error:  Uncaught exception 'Exception' with message 'Username contains invalid characters, only Alphanumeric are allowed' in C:\xampp\htdocs\ddforum\core\Filter.php:26
Stack trace:
#0 C:\xampp\htdocs\ddforum\test.php(20): DDForum\Core\Filter::username('Deondazy#')
#1 {main}
  thrown in C:\xampp\htdocs\ddforum\core\Filter.php on line 26
[25-Apr-2016 19:04:27 UTC] XDebug could not open the remote debug file 'C:\xampp\xdebug\xdebug.log'.
[25-Apr-2016 19:05:29 UTC] PHP Fatal error:  Uncaught exception 'Exception' with message 'Username contains invalid characters, only Alphanumeric are allowed' in C:\xampp\htdocs\ddforum\core\Filter.php:26
Stack trace:
#0 C:\xampp\htdocs\ddforum\test.php(20): DDForum\Core\Filter::username('Deondazy#')
#1 {main}
  thrown in C:\xampp\htdocs\ddforum\core\Filter.php on line 26
[25-Apr-2016 19:05:54 UTC] PHP Fatal error:  Uncaught exception 'Exception' with message 'Username contains invalid characters, only Alphanumeric are allowed' in C:\xampp\htdocs\ddforum\core\Filter.php:26
Stack trace:
#0 C:\xampp\htdocs\ddforum\test.php(20): DDForum\Core\Filter::username('Deondazy#')
#1 {main}
  thrown in C:\xampp\htdocs\ddforum\core\Filter.php on line 26
[25-Apr-2016 19:06:40 UTC] PHP Fatal error:  Uncaught exception 'Exception' with message 'Username contains invalid characters, only Alphanumeric are allowed' in C:\xampp\htdocs\ddforum\core\Filter.php:26
Stack trace:
#0 C:\xampp\htdocs\ddforum\test.php(20): DDForum\Core\Filter::username('Deondazy#')
#1 {main}
  thrown in C:\xampp\htdocs\ddforum\core\Filter.php on line 26
[25-Apr-2016 19:07:11 UTC] PHP Fatal error:  Uncaught exception 'Exception' with message 'Username contains invalid characters, only Alphanumeric are allowed' in C:\xampp\htdocs\ddforum\core\Filter.php:26
Stack trace:
#0 C:\xampp\htdocs\ddforum\test.php(20): DDForum\Core\Filter::username('Deondazy#')
#1 {main}
  thrown in C:\xampp\htdocs\ddforum\core\Filter.php on line 26
[25-Apr-2016 19:09:31 UTC] PHP Fatal error:  Uncaught exception 'Exception' with message 'Username contains invalid characters, only Alphanumeric are allowed' in C:\xampp\htdocs\ddforum\core\Filter.php:26
Stack trace:
#0 C:\xampp\htdocs\ddforum\test.php(20): DDForum\Core\Filter::username('Deondazy#')
#1 {main}
  thrown in C:\xampp\htdocs\ddforum\core\Filter.php on line 26
[25-Apr-2016 19:12:00 UTC] PHP Fatal error:  Uncaught exception 'Exception' with message 'Username contains invalid characters, only Alphanumeric are allowed' in C:\xampp\htdocs\ddforum\core\Filter.php:26
Stack trace:
#0 C:\xampp\htdocs\ddforum\test.php(20): DDForum\Core\Filter::username('Deondazy#')
#1 {main}
  thrown in C:\xampp\htdocs\ddforum\core\Filter.php on line 26
[25-Apr-2016 19:12:42 UTC] PHP Warning:  Invalid callback self::exceptionHandler, cannot access self:: when no class scope is active in Unknown on line 0
[25-Apr-2016 19:12:42 UTC] PHP Fatal error:  Uncaught exception 'Exception' with message 'Username contains invalid characters, only Alphanumeric are allowed' in C:\xampp\htdocs\ddforum\core\Filter.php:26
Stack trace:
#0 C:\xampp\htdocs\ddforum\test.php(20): DDForum\Core\Filter::username('Deondazy#')
#1 {main}
  thrown in C:\xampp\htdocs\ddforum\core\Filter.php on line 26
[25-Apr-2016 19:13:08 UTC] PHP Fatal error:  Uncaught exception 'Exception' with message 'Username contains invalid characters, only Alphanumeric are allowed' in C:\xampp\htdocs\ddforum\core\Filter.php:26
Stack trace:
#0 C:\xampp\htdocs\ddforum\test.php(20): DDForum\Core\Filter::username('Deondazy#')
#1 {main}
  thrown in C:\xampp\htdocs\ddforum\core\Filter.php on line 26
[25-Apr-2016 19:13:31 UTC] XDebug could not open the remote debug file 'C:\xampp\xdebug\xdebug.log'.
[25-Apr-2016 20:30:03 UTC] PHP Warning:  PDO::__construct(): php_network_getaddresses: getaddrinfo failed: No such host is known.  in C:\xampp\htdocs\ddforum\core\Database.php on line 89
[25-Apr-2016 20:30:03 UTC] PHP Stack trace:
[25-Apr-2016 20:30:03 UTC] PHP   1. {main}() C:\xampp\htdocs\ddforum\test.php:0
[25-Apr-2016 20:30:03 UTC] PHP   2. DDForum\Core\Database::connect() C:\xampp\htdocs\ddforum\test.php:20
[25-Apr-2016 20:30:03 UTC] PHP   3. PDO->__construct() C:\xampp\htdocs\ddforum\core\Database.php:89
[25-Apr-2016 20:30:03 UTC] XDebug could not open the remote debug file 'C:\xampp\xdebug\xdebug.log'.
[25-Apr-2016 21:52:17 UTC] PHP Fatal error:  Class 'User' not found in C:\xampp\htdocs\ddforum\inc\login.php on line 40
[25-Apr-2016 21:52:17 UTC] PHP Stack trace:
[25-Apr-2016 21:52:17 UTC] PHP   1. {main}() C:\xampp\htdocs\ddforum\auth.php:0
[25-Apr-2016 21:52:17 UTC] PHP   2. include() C:\xampp\htdocs\ddforum\auth.php:27
[25-Apr-2016 21:52:45 UTC] PHP Fatal error:  Call to undefined function get_option() in C:\xampp\htdocs\ddforum\inc\login.php on line 46
[25-Apr-2016 21:52:45 UTC] PHP Stack trace:
[25-Apr-2016 21:52:45 UTC] PHP   1. {main}() C:\xampp\htdocs\ddforum\auth.php:0
[25-Apr-2016 21:52:45 UTC] PHP   2. include() C:\xampp\htdocs\ddforum\auth.php:27
[25-Apr-2016 22:03:05 UTC] XDebug could not open the remote debug file 'C:\xampp\xdebug\xdebug.log'.
[25-Apr-2016 22:03:28 UTC] XDebug could not open the remote debug file 'C:\xampp\xdebug\xdebug.log'.
[25-Apr-2016 22:06:07 UTC] XDebug could not open the remote debug file 'C:\xampp\xdebug\xdebug.log'.
[25-Apr-2016 22:07:08 UTC] XDebug could not open the remote debug file 'C:\xampp\xdebug\xdebug.log'.
[25-Apr-2016 22:21:04 UTC] PHP Fatal error:  Class 'Database' not found in C:\xampp\htdocs\ddforum\test.php on line 20
[25-Apr-2016 22:21:04 UTC] PHP Stack trace:
[25-Apr-2016 22:21:04 UTC] PHP   1. {main}() C:\xampp\htdocs\ddforum\test.php:0
[25-Apr-2016 22:21:20 UTC] PHP Fatal error:  Cannot access self:: when no class scope is active in C:\xampp\htdocs\ddforum\test.php on line 20
[25-Apr-2016 22:21:20 UTC] PHP Stack trace:
[25-Apr-2016 22:21:20 UTC] PHP   1. {main}() C:\xampp\htdocs\ddforum\test.php:0
[25-Apr-2016 22:21:51 UTC] PHP Fatal error:  Call to undefined method DDForum\Core\Database::selectOne() in C:\xampp\htdocs\ddforum\test.php on line 23
[25-Apr-2016 22:21:51 UTC] PHP Stack trace:
[25-Apr-2016 22:21:51 UTC] PHP   1. {main}() C:\xampp\htdocs\ddforum\test.php:0
[27-Apr-2016 00:33:06 UTC] PHP Fatal error:  Call to a member function login() on null in C:\xampp\htdocs\ddforum\inc\login.php on line 29
[27-Apr-2016 00:33:06 UTC] PHP Stack trace:
[27-Apr-2016 00:33:06 UTC] PHP   1. {main}() C:\xampp\htdocs\ddforum\auth.php:0
[27-Apr-2016 00:33:06 UTC] PHP   2. include() C:\xampp\htdocs\ddforum\auth.php:27
[27-Apr-2016 00:35:45 UTC] XDebug could not open the remote debug file 'C:\xampp\xdebug\xdebug.log'.
[27-Apr-2016 01:00:46 UTC] PHP Fatal error:  Using $this when not in object context in C:\xampp\htdocs\ddforum\core\User.php on line 142
[27-Apr-2016 01:00:46 UTC] PHP Stack trace:
[27-Apr-2016 01:00:46 UTC] PHP   1. {main}() C:\xampp\htdocs\ddforum\auth.php:0
[27-Apr-2016 01:00:46 UTC] PHP   2. include() C:\xampp\htdocs\ddforum\auth.php:27
[27-Apr-2016 01:00:46 UTC] PHP   3. require_once() C:\xampp\htdocs\ddforum\inc\login.php:36
[27-Apr-2016 01:00:46 UTC] PHP   4. DDForum\Core\User::get() C:\xampp\htdocs\ddforum\header.php:36
[27-Apr-2016 01:00:46 UTC] PHP   5. DDForum\Core\User::currentUserId() C:\xampp\htdocs\ddforum\core\User.php:165
[27-Apr-2016 01:02:23 UTC] PHP Fatal error:  Call to private method DDForum\Core\Database::execute() from context 'DDForum\Core\User' in C:\xampp\htdocs\ddforum\core\User.php on line 145
[27-Apr-2016 01:02:23 UTC] PHP Stack trace:
[27-Apr-2016 01:02:23 UTC] PHP   1. {main}() C:\xampp\htdocs\ddforum\auth.php:0
[27-Apr-2016 01:02:23 UTC] PHP   2. include() C:\xampp\htdocs\ddforum\auth.php:27
[27-Apr-2016 01:02:23 UTC] PHP   3. require_once() C:\xampp\htdocs\ddforum\inc\login.php:36
[27-Apr-2016 01:02:23 UTC] PHP   4. DDForum\Core\User::get() C:\xampp\htdocs\ddforum\header.php:36
[27-Apr-2016 01:02:23 UTC] PHP   5. DDForum\Core\User::currentUserId() C:\xampp\htdocs\ddforum\core\User.php:165
[27-Apr-2016 01:02:57 UTC] PHP Fatal error:  Call to undefined function show_message() in C:\xampp\htdocs\ddforum\inc\login.php on line 47
[27-Apr-2016 01:02:57 UTC] PHP Stack trace:
[27-Apr-2016 01:02:57 UTC] PHP   1. {main}() C:\xampp\htdocs\ddforum\auth.php:0
[27-Apr-2016 01:02:57 UTC] PHP   2. include() C:\xampp\htdocs\ddforum\auth.php:27
[27-Apr-2016 20:40:56 UTC] PHP Fatal error:  Class 'Site' not found in C:\xampp\htdocs\ddforum\inc\login.php on line 47
[27-Apr-2016 20:40:56 UTC] PHP Fatal error:  Class 'Site' not found in C:\xampp\htdocs\ddforum\inc\login.php on line 47
[27-Apr-2016 20:40:56 UTC] PHP Stack trace:
[27-Apr-2016 20:40:56 UTC] PHP   1. {main}() C:\xampp\htdocs\ddforum\auth.php:0
[27-Apr-2016 20:40:56 UTC] PHP   2. include() C:\xampp\htdocs\ddforum\auth.php:27
[27-Apr-2016 20:40:56 UTC] PHP Stack trace:
[27-Apr-2016 20:40:56 UTC] PHP   1. {main}() C:\xampp\htdocs\ddforum\auth.php:0
[27-Apr-2016 20:40:56 UTC] PHP   2. include() C:\xampp\htdocs\ddforum\auth.php:27
[27-Apr-2016 21:10:06 UTC] PHP Fatal error:  Class 'Site' not found in C:\xampp\htdocs\ddforum\test.php on line 20
[27-Apr-2016 21:10:06 UTC] PHP Stack trace:
[27-Apr-2016 21:10:06 UTC] PHP   1. {main}() C:\xampp\htdocs\ddforum\test.php:0
[27-Apr-2016 22:19:47 UTC] PHP Fatal error:  Call to a member function logout() on null in C:\xampp\htdocs\ddforum\inc\logout.php on line 14
[27-Apr-2016 22:19:47 UTC] PHP Stack trace:
[27-Apr-2016 22:19:47 UTC] PHP   1. {main}() C:\xampp\htdocs\ddforum\auth.php:0
[27-Apr-2016 22:19:47 UTC] PHP   2. include() C:\xampp\htdocs\ddforum\auth.php:31
[27-Apr-2016 22:42:14 UTC] PHP Parse error:  syntax error, unexpected '}' in C:\xampp\htdocs\ddforum\core\User.php on line 282
[27-Apr-2016 22:42:14 UTC] PHP Stack trace:
[27-Apr-2016 22:42:14 UTC] PHP   1. {main}() C:\xampp\htdocs\ddforum\test.php:0
[27-Apr-2016 22:42:14 UTC] PHP   2. include() C:\xampp\htdocs\ddforum\test.php:21
[27-Apr-2016 22:42:14 UTC] PHP   3. spl_autoload_call() C:\xampp\htdocs\ddforum\test.php:35
[27-Apr-2016 22:42:14 UTC] PHP   4. Composer\Autoload\ClassLoader->loadClass() C:\xampp\htdocs\ddforum\test.php:35
[27-Apr-2016 22:42:14 UTC] PHP   5. Composer\Autoload\includeFile() C:\xampp\htdocs\ddforum\vendor\composer\ClassLoader.php:301
[28-Apr-2016 11:33:36 UTC] PHP Fatal error:  Class 'Forum' not found in C:\xampp\htdocs\ddforum\test.php on line 23
[28-Apr-2016 11:33:36 UTC] PHP Stack trace:
[28-Apr-2016 11:33:36 UTC] PHP   1. {main}() C:\xampp\htdocs\ddforum\test.php:0
[28-Apr-2016 14:14:48 UTC] PHP Parse error:  syntax error, unexpected '}' in C:\xampp\htdocs\ddforum\core\Forum.php on line 49
[28-Apr-2016 14:14:48 UTC] PHP Stack trace:
[28-Apr-2016 14:14:48 UTC] PHP   1. {main}() C:\xampp\htdocs\ddforum\test.php:0
[28-Apr-2016 14:14:48 UTC] PHP   2. spl_autoload_call() C:\xampp\htdocs\ddforum\test.php:35
[28-Apr-2016 14:14:48 UTC] PHP   3. Composer\Autoload\ClassLoader->loadClass() C:\xampp\htdocs\ddforum\test.php:35
[28-Apr-2016 14:14:48 UTC] PHP   4. Composer\Autoload\includeFile() C:\xampp\htdocs\ddforum\vendor\composer\ClassLoader.php:301
[28-Apr-2016 14:33:39 UTC] PHP Parse error:  syntax error, unexpected '")"' (T_CONSTANT_ENCAPSED_STRING) in C:\xampp\htdocs\ddforum\core\Forum.php on line 55
[28-Apr-2016 14:33:39 UTC] PHP Stack trace:
[28-Apr-2016 14:33:39 UTC] PHP   1. {main}() C:\xampp\htdocs\ddforum\test.php:0
[28-Apr-2016 14:33:39 UTC] PHP   2. spl_autoload_call() C:\xampp\htdocs\ddforum\test.php:35
[28-Apr-2016 14:33:39 UTC] PHP   3. Composer\Autoload\ClassLoader->loadClass() C:\xampp\htdocs\ddforum\test.php:35
[28-Apr-2016 14:33:39 UTC] PHP   4. Composer\Autoload\includeFile() C:\xampp\htdocs\ddforum\vendor\composer\ClassLoader.php:301
[28-Apr-2016 15:01:30 UTC] XDebug could not open the remote debug file 'C:\xampp\xdebug\xdebug.log'.
[28-Apr-2016 15:27:43 UTC] PHP Fatal error:  Call to undefined function NOW() in C:\xampp\htdocs\ddforum\test.php on line 32
[28-Apr-2016 15:27:43 UTC] PHP Stack trace:
[28-Apr-2016 15:27:43 UTC] PHP   1. {main}() C:\xampp\htdocs\ddforum\test.php:0
[02-May-2016 11:37:22 UTC] PHP Parse error:  syntax error, unexpected '}' in C:\xampp\htdocs\ddforum\core\Forum.php on line 130
[02-May-2016 11:37:22 UTC] PHP Stack trace:
[02-May-2016 11:37:22 UTC] PHP   1. {main}() C:\xampp\htdocs\ddforum\test.php:0
[02-May-2016 11:37:22 UTC] PHP   2. spl_autoload_call() C:\xampp\htdocs\ddforum\test.php:40
[02-May-2016 11:37:22 UTC] PHP   3. Composer\Autoload\ClassLoader->loadClass() C:\xampp\htdocs\ddforum\test.php:40
[02-May-2016 11:37:22 UTC] PHP   4. Composer\Autoload\includeFile() C:\xampp\htdocs\ddforum\vendor\composer\ClassLoader.php:301
[02-May-2016 11:37:35 UTC] PHP Parse error:  syntax error, unexpected ';' in C:\xampp\htdocs\ddforum\core\Forum.php on line 124
[02-May-2016 11:37:35 UTC] PHP Stack trace:
[02-May-2016 11:37:35 UTC] PHP   1. {main}() C:\xampp\htdocs\ddforum\test.php:0
[02-May-2016 11:37:35 UTC] PHP   2. spl_autoload_call() C:\xampp\htdocs\ddforum\test.php:40
[02-May-2016 11:37:35 UTC] PHP   3. Composer\Autoload\ClassLoader->loadClass() C:\xampp\htdocs\ddforum\test.php:40
[02-May-2016 11:37:35 UTC] PHP   4. Composer\Autoload\includeFile() C:\xampp\htdocs\ddforum\vendor\composer\ClassLoader.php:301
[02-May-2016 11:37:56 UTC] PHP Parse error:  syntax error, unexpected end of file, expecting function (T_FUNCTION) in C:\xampp\htdocs\ddforum\core\Forum.php on line 131
[02-May-2016 11:37:56 UTC] PHP Stack trace:
[02-May-2016 11:37:56 UTC] PHP   1. {main}() C:\xampp\htdocs\ddforum\test.php:0
[02-May-2016 11:37:56 UTC] PHP   2. spl_autoload_call() C:\xampp\htdocs\ddforum\test.php:40
[02-May-2016 11:37:56 UTC] PHP   3. Composer\Autoload\ClassLoader->loadClass() C:\xampp\htdocs\ddforum\test.php:40
[02-May-2016 11:37:56 UTC] PHP   4. Composer\Autoload\includeFile() C:\xampp\htdocs\ddforum\vendor\composer\ClassLoader.php:301
[02-May-2016 11:40:09 UTC] PHP Parse error:  syntax error, unexpected 'var_dump' (T_STRING) in C:\xampp\htdocs\ddforum\core\Forum.php on line 126
[02-May-2016 11:40:09 UTC] PHP Stack trace:
[02-May-2016 11:40:09 UTC] PHP   1. {main}() C:\xampp\htdocs\ddforum\test.php:0
[02-May-2016 11:40:09 UTC] PHP   2. spl_autoload_call() C:\xampp\htdocs\ddforum\test.php:40
[02-May-2016 11:40:09 UTC] PHP   3. Composer\Autoload\ClassLoader->loadClass() C:\xampp\htdocs\ddforum\test.php:40
[02-May-2016 11:40:09 UTC] PHP   4. Composer\Autoload\includeFile() C:\xampp\htdocs\ddforum\vendor\composer\ClassLoader.php:301
[02-May-2016 11:44:43 UTC] PHP Parse error:  syntax error, unexpected end of file, expecting function (T_FUNCTION) in C:\xampp\htdocs\ddforum\core\Forum.php on line 131
[02-May-2016 11:44:43 UTC] PHP Stack trace:
[02-May-2016 11:44:43 UTC] PHP   1. {main}() C:\xampp\htdocs\ddforum\test.php:0
[02-May-2016 11:44:43 UTC] PHP   2. spl_autoload_call() C:\xampp\htdocs\ddforum\test.php:40
[02-May-2016 11:44:43 UTC] PHP   3. Composer\Autoload\ClassLoader->loadClass() C:\xampp\htdocs\ddforum\test.php:40
[02-May-2016 11:44:43 UTC] PHP   4. Composer\Autoload\includeFile() C:\xampp\htdocs\ddforum\vendor\composer\ClassLoader.php:301
[02-May-2016 11:44:59 UTC] PHP Parse error:  syntax error, unexpected end of file, expecting function (T_FUNCTION) in C:\xampp\htdocs\ddforum\core\Forum.php on line 131
[02-May-2016 11:44:59 UTC] PHP Stack trace:
[02-May-2016 11:44:59 UTC] PHP   1. {main}() C:\xampp\htdocs\ddforum\test.php:0
[02-May-2016 11:44:59 UTC] PHP   2. spl_autoload_call() C:\xampp\htdocs\ddforum\test.php:40
[02-May-2016 11:44:59 UTC] PHP   3. Composer\Autoload\ClassLoader->loadClass() C:\xampp\htdocs\ddforum\test.php:40
[02-May-2016 11:44:59 UTC] PHP   4. Composer\Autoload\includeFile() C:\xampp\htdocs\ddforum\vendor\composer\ClassLoader.php:301
[02-May-2016 14:55:14 UTC] PHP Fatal error:  Call to a member function get_forum() on null in C:\xampp\htdocs\ddforum\templates\forum.php on line 3
[02-May-2016 14:55:14 UTC] PHP Stack trace:
[02-May-2016 14:55:14 UTC] PHP   1. {main}() C:\xampp\htdocs\ddforum\forum.php:0
[02-May-2016 14:55:14 UTC] PHP   2. include() C:\xampp\htdocs\ddforum\forum.php:27
[02-May-2016 14:55:45 UTC] PHP Fatal error:  Call to a member function get_forum() on null in C:\xampp\htdocs\ddforum\templates\forum.php on line 3
[02-May-2016 14:55:45 UTC] PHP Stack trace:
[02-May-2016 14:55:45 UTC] PHP   1. {main}() C:\xampp\htdocs\ddforum\forum.php:0
[02-May-2016 14:55:45 UTC] PHP   2. include() C:\xampp\htdocs\ddforum\forum.php:27
[02-May-2016 15:16:07 UTC] PHP Fatal error:  Call to a member function get_forum() on null in C:\xampp\htdocs\ddforum\templates\forum.php on line 3
[02-May-2016 15:16:07 UTC] PHP Stack trace:
[02-May-2016 15:16:07 UTC] PHP   1. {main}() C:\xampp\htdocs\ddforum\forum.php:0
[02-May-2016 15:16:07 UTC] PHP   2. include() C:\xampp\htdocs\ddforum\forum.php:27
[02-May-2016 15:16:13 UTC] PHP Fatal error:  Call to a member function get_forum() on null in C:\xampp\htdocs\ddforum\templates\forum.php on line 3
[02-May-2016 15:16:13 UTC] PHP Stack trace:
[02-May-2016 15:16:13 UTC] PHP   1. {main}() C:\xampp\htdocs\ddforum\forum.php:0
[02-May-2016 15:16:13 UTC] PHP   2. include() C:\xampp\htdocs\ddforum\forum.php:27
[02-May-2016 15:24:31 UTC] PHP Fatal error:  Cannot redeclare class DDForum\Core\Forum in C:\xampp\htdocs\ddforum\core\Topic.php on line 8
[02-May-2016 15:24:31 UTC] PHP Stack trace:
[02-May-2016 15:24:31 UTC] PHP   1. {main}() C:\xampp\htdocs\ddforum\forum.php:0
[02-May-2016 15:24:31 UTC] PHP   2. include() C:\xampp\htdocs\ddforum\forum.php:27
[02-May-2016 15:24:31 UTC] PHP   3. spl_autoload_call() C:\xampp\htdocs\ddforum\forum.php:13
[02-May-2016 15:24:31 UTC] PHP   4. Composer\Autoload\ClassLoader->loadClass() C:\xampp\htdocs\ddforum\forum.php:13
[02-May-2016 15:24:31 UTC] PHP   5. Composer\Autoload\includeFile() C:\xampp\htdocs\ddforum\vendor\composer\ClassLoader.php:301
[02-May-2016 15:24:31 UTC] PHP   6. include() C:\xampp\htdocs\ddforum\vendor\composer\ClassLoader.php:412
[02-May-2016 15:24:55 UTC] PHP Fatal error:  Class 'User' not found in C:\xampp\htdocs\ddforum\templates\forum.php on line 81
[02-May-2016 15:24:55 UTC] PHP Stack trace:
[02-May-2016 15:24:55 UTC] PHP   1. {main}() C:\xampp\htdocs\ddforum\forum.php:0
[02-May-2016 15:24:55 UTC] PHP   2. include() C:\xampp\htdocs\ddforum\forum.php:27
[02-May-2016 15:27:20 UTC] PHP Fatal error:  Call to undefined method DDForum\Core\Topic::pinned() in C:\xampp\htdocs\ddforum\index.php on line 24
[02-May-2016 15:27:20 UTC] PHP Stack trace:
[02-May-2016 15:27:20 UTC] PHP   1. {main}() C:\xampp\htdocs\ddforum\index.php:0
[03-May-2016 11:38:57 UTC] PHP Fatal error:  Call to a member function get_topic() on null in C:\xampp\htdocs\ddforum\topic.php on line 16
[03-May-2016 11:38:57 UTC] PHP Stack trace:
[03-May-2016 11:38:57 UTC] PHP   1. {main}() C:\xampp\htdocs\ddforum\topic.php:0
[03-May-2016 11:57:52 UTC] PHP Fatal error:  Call to undefined method DDForum\Core\Reply::fetchAll() in C:\xampp\htdocs\ddforum\topic.php on line 28
[03-May-2016 11:57:52 UTC] PHP Stack trace:
[03-May-2016 11:57:52 UTC] PHP   1. {main}() C:\xampp\htdocs\ddforum\topic.php:0
[03-May-2016 11:59:19 UTC] PHP Fatal error:  Call to undefined method DDForum\Core\Reply::fetchAll() in C:\xampp\htdocs\ddforum\topic.php on line 30
[03-May-2016 11:59:19 UTC] PHP Stack trace:
[03-May-2016 11:59:19 UTC] PHP   1. {main}() C:\xampp\htdocs\ddforum\topic.php:0
[03-May-2016 12:03:37 UTC] PHP Fatal error:  Call to a member function get_user() on null in C:\xampp\htdocs\ddforum\topic.php on line 109
[03-May-2016 12:03:37 UTC] PHP Stack trace:
[03-May-2016 12:03:37 UTC] PHP   1. {main}() C:\xampp\htdocs\ddforum\topic.php:0
[03-May-2016 12:05:15 UTC] PHP Fatal error:  Call to a member function get_user() on null in C:\xampp\htdocs\ddforum\topic.php on line 109
[03-May-2016 12:05:15 UTC] PHP Stack trace:
[03-May-2016 12:05:15 UTC] PHP   1. {main}() C:\xampp\htdocs\ddforum\topic.php:0
[03-May-2016 12:06:32 UTC] PHP Fatal error:  Call to a member function get_user() on null in C:\xampp\htdocs\ddforum\topic.php on line 111
[03-May-2016 12:06:32 UTC] PHP Stack trace:
[03-May-2016 12:06:32 UTC] PHP   1. {main}() C:\xampp\htdocs\ddforum\topic.php:0
[03-May-2016 12:07:12 UTC] PHP Fatal error:  Call to a member function get_user() on null in C:\xampp\htdocs\ddforum\topic.php on line 111
[03-May-2016 12:07:12 UTC] PHP Stack trace:
[03-May-2016 12:07:12 UTC] PHP   1. {main}() C:\xampp\htdocs\ddforum\topic.php:0
[03-May-2016 12:07:35 UTC] PHP Fatal error:  Call to a member function get_user() on null in C:\xampp\htdocs\ddforum\topic.php on line 111
[03-May-2016 12:07:35 UTC] PHP Stack trace:
[03-May-2016 12:07:35 UTC] PHP   1. {main}() C:\xampp\htdocs\ddforum\topic.php:0
[03-May-2016 12:09:35 UTC] PHP Fatal error:  Call to a member function get_user() on null in C:\xampp\htdocs\ddforum\topic.php on line 111
[03-May-2016 12:09:35 UTC] PHP Stack trace:
[03-May-2016 12:09:35 UTC] PHP   1. {main}() C:\xampp\htdocs\ddforum\topic.php:0
[03-May-2016 13:50:01 UTC] PHP Fatal error:  Class 'Util' not found in C:\xampp\htdocs\ddforum\user.php on line 36
[03-May-2016 13:50:01 UTC] PHP Stack trace:
[03-May-2016 13:50:01 UTC] PHP   1. {main}() C:\xampp\htdocs\ddforum\user.php:0
[03-May-2016 15:38:02 UTC] PHP Fatal error:  Class 'DDForum\Core\Databse' not found in C:\xampp\htdocs\ddforum\core\User.php on line 311
[03-May-2016 15:38:02 UTC] PHP Stack trace:
[03-May-2016 15:38:02 UTC] PHP   1. {main}() C:\xampp\htdocs\ddforum\user.php:0
[03-May-2016 15:38:02 UTC] PHP   2. DDForum\Core\User::topics() C:\xampp\htdocs\ddforum\user.php:53
[03-May-2016 16:31:09 UTC] PHP Parse error:  syntax error, unexpected 'return' (T_RETURN) in C:\xampp\htdocs\ddforum\core\Site.php on line 171
[03-May-2016 16:31:09 UTC] PHP Stack trace:
[03-May-2016 16:31:09 UTC] PHP   1. {main}() C:\xampp\htdocs\ddforum\test.php:0
[03-May-2016 16:31:09 UTC] PHP   2. include() C:\xampp\htdocs\ddforum\test.php:22
[03-May-2016 16:31:09 UTC] PHP   3. spl_autoload_call() C:\xampp\htdocs\ddforum\test.php:18
[03-May-2016 16:31:09 UTC] PHP   4. Composer\Autoload\ClassLoader->loadClass() C:\xampp\htdocs\ddforum\test.php:18
[03-May-2016 16:31:09 UTC] PHP   5. Composer\Autoload\includeFile() C:\xampp\htdocs\ddforum\vendor\composer\ClassLoader.php:301
[03-May-2016 16:56:40 UTC] PHP Fatal error:  Call to a member function fetch_all() on null in C:\xampp\htdocs\ddforum\inc\topic-form.php on line 15
[03-May-2016 16:56:40 UTC] PHP Stack trace:
[03-May-2016 16:56:40 UTC] PHP   1. {main}() C:\xampp\htdocs\ddforum\index.php:0
[03-May-2016 16:56:40 UTC] PHP   2. include() C:\xampp\htdocs\ddforum\index.php:92
[05-May-2016 15:18:48 UTC] PHP Fatal error:  Class 'Util' not found in C:\xampp\htdocs\ddforum\inc\topic-form.php on line 17
[05-May-2016 15:18:48 UTC] PHP Stack trace:
[05-May-2016 15:18:48 UTC] PHP   1. {main}() C:\xampp\htdocs\ddforum\topic-new.php:0
[05-May-2016 15:18:48 UTC] PHP   2. include() C:\xampp\htdocs\ddforum\topic-new.php:26
[05-May-2016 16:17:35 UTC] PHP Fatal error:  Call to a member function logout() on null in C:\xampp\htdocs\ddforum\inc\logout.php on line 14
[05-May-2016 16:17:35 UTC] PHP Stack trace:
[05-May-2016 16:17:35 UTC] PHP   1. {main}() C:\xampp\htdocs\ddforum\auth.php:0
[05-May-2016 16:17:35 UTC] PHP   2. include() C:\xampp\htdocs\ddforum\auth.php:31
[05-May-2016 16:34:49 UTC] PHP Fatal error:  Call to undefined method DDForum\Core\Site::redirect() in C:\xampp\htdocs\ddforum\core\User.php on line 249
[05-May-2016 16:34:49 UTC] PHP Stack trace:
[05-May-2016 16:34:49 UTC] PHP   1. {main}() C:\xampp\htdocs\ddforum\login.php:0
[05-May-2016 16:34:49 UTC] PHP   2. DDForum\Core\User::login() C:\xampp\htdocs\ddforum\login.php:27
[06-May-2016 20:28:09 UTC] PHP Fatal error:  Call to undefined method DDForum\Core\Site::users() in C:\xampp\htdocs\ddforum\footer.php on line 15
[06-May-2016 20:28:09 UTC] PHP Stack trace:
[06-May-2016 20:28:09 UTC] PHP   1. {main}() C:\xampp\htdocs\ddforum\index.php:0
[06-May-2016 20:28:09 UTC] PHP   2. include() C:\xampp\htdocs\ddforum\index.php:91
[06-May-2016 20:31:22 UTC] PHP Fatal error:  Call to undefined method DDForum\Core\Site::users() in C:\xampp\htdocs\ddforum\footer.php on line 15
[06-May-2016 20:31:22 UTC] PHP Stack trace:
[06-May-2016 20:31:22 UTC] PHP   1. {main}() C:\xampp\htdocs\ddforum\index.php:0
[06-May-2016 20:31:22 UTC] PHP   2. include() C:\xampp\htdocs\ddforum\index.php:91
[06-May-2016 20:32:26 UTC] PHP Fatal error:  Call to undefined method DDForum\Core\Site::onlineUsers() in C:\xampp\htdocs\ddforum\footer.php on line 18
[06-May-2016 20:32:26 UTC] PHP Stack trace:
[06-May-2016 20:32:26 UTC] PHP   1. {main}() C:\xampp\htdocs\ddforum\index.php:0
[06-May-2016 20:32:26 UTC] PHP   2. include() C:\xampp\htdocs\ddforum\index.php:91
[09-May-2016 13:57:37 UTC] PHP Parse error:  syntax error, unexpected '(', expecting variable (T_VARIABLE) or '$' in C:\xampp\htdocs\ddforum\inc\topic-form.php on line 31
[09-May-2016 13:57:37 UTC] PHP Stack trace:
[09-May-2016 13:57:37 UTC] PHP   1. {main}() C:\xampp\htdocs\ddforum\index.php:0
[09-May-2016 13:58:42 UTC] PHP Parse error:  syntax error, unexpected '(', expecting variable (T_VARIABLE) or '$' in C:\xampp\htdocs\ddforum\inc\topic-form.php on line 31
[09-May-2016 13:58:42 UTC] PHP Stack trace:
[09-May-2016 13:58:42 UTC] PHP   1. {main}() C:\xampp\htdocs\ddforum\index.php:0
[09-May-2016 15:13:53 UTC] PHP Fatal error:  Call to a member function get_user() on null in C:\xampp\htdocs\ddforum\topic.php on line 109
[09-May-2016 15:13:53 UTC] PHP Stack trace:
[09-May-2016 15:13:53 UTC] PHP   1. {main}() C:\xampp\htdocs\ddforum\topic.php:0
[09-May-2016 15:30:25 UTC] PHP Fatal error:  Call to undefined method DDForum\Core\Topic::getPinned() in C:\xampp\htdocs\ddforum\index.php on line 41
[09-May-2016 15:30:25 UTC] PHP Stack trace:
[09-May-2016 15:30:25 UTC] PHP   1. {main}() C:\xampp\htdocs\ddforum\index.php:0
[09-May-2016 15:37:40 UTC] PHP Fatal error:  Call to undefined method DDForum\Core\Topic::getToday() in C:\xampp\htdocs\ddforum\index.php on line 29
[09-May-2016 15:37:40 UTC] PHP Stack trace:
[09-May-2016 15:37:40 UTC] PHP   1. {main}() C:\xampp\htdocs\ddforum\index.php:0
[09-May-2016 15:37:51 UTC] PHP Fatal error:  Call to undefined method DDForum\Core\Topic::getTrending() in C:\xampp\htdocs\ddforum\index.php on line 33
[09-May-2016 15:37:51 UTC] PHP Stack trace:
[09-May-2016 15:37:51 UTC] PHP   1. {main}() C:\xampp\htdocs\ddforum\index.php:0
[09-May-2016 15:52:47 UTC] PHP Fatal error:  Call to undefined method DDForum\Core\Topic::getTrending() in C:\xampp\htdocs\ddforum\index.php on line 33
[09-May-2016 15:52:47 UTC] PHP Stack trace:
[09-May-2016 15:52:47 UTC] PHP   1. {main}() C:\xampp\htdocs\ddforum\index.php:0
[09-May-2016 16:19:25 UTC] PHP Fatal error:  Call to undefined method DDForum\Core\Topic::getTrending() in C:\xampp\htdocs\ddforum\index.php on line 33
[09-May-2016 16:19:25 UTC] PHP Stack trace:
[09-May-2016 16:19:25 UTC] PHP   1. {main}() C:\xampp\htdocs\ddforum\index.php:0
[10-May-2016 09:03:41 UTC] PHP Fatal error:  Class 'Topic' not found in C:\xampp\htdocs\ddforum\header.php on line 94
[10-May-2016 09:03:41 UTC] PHP Stack trace:
[10-May-2016 09:03:41 UTC] PHP   1. {main}() C:\xampp\htdocs\ddforum\forum.php:0
[10-May-2016 09:03:41 UTC] PHP   2. require_once() C:\xampp\htdocs\ddforum\forum.php:21
[10-May-2016 09:10:49 UTC] PHP Fatal error:  Call to undefined method DDForum\Core\Topic::getTrending() in C:\xampp\htdocs\ddforum\header.php on line 87
[10-May-2016 09:10:49 UTC] PHP Stack trace:
[10-May-2016 09:10:49 UTC] PHP   1. {main}() C:\xampp\htdocs\ddforum\index.php:0
[10-May-2016 09:10:49 UTC] PHP   2. require_once() C:\xampp\htdocs\ddforum\index.php:23
[10-May-2016 09:44:28 UTC] PHP Parse error:  syntax error, unexpected '$output' (T_VARIABLE) in C:\xampp\htdocs\ddforum\core\Paginate.php on line 27
[10-May-2016 09:44:28 UTC] PHP Stack trace:
[10-May-2016 09:44:28 UTC] PHP   1. {main}() C:\xampp\htdocs\ddforum\test.php:0
[10-May-2016 09:44:28 UTC] PHP   2. spl_autoload_call() C:\xampp\htdocs\ddforum\test.php:25
[10-May-2016 09:44:28 UTC] PHP   3. Composer\Autoload\ClassLoader->loadClass() C:\xampp\htdocs\ddforum\test.php:25
[10-May-2016 09:44:28 UTC] PHP   4. Composer\Autoload\includeFile() C:\xampp\htdocs\ddforum\vendor\composer\ClassLoader.php:301
[10-May-2016 09:44:56 UTC] PHP Fatal error:  Class 'DDForum\Core\Paginate' not found in C:\xampp\htdocs\ddforum\test.php on line 25
[10-May-2016 09:44:56 UTC] PHP Stack trace:
[10-May-2016 09:44:56 UTC] PHP   1. {main}() C:\xampp\htdocs\ddforum\test.php:0
[10-May-2016 09:45:47 UTC] PHP Fatal error:  Class 'DDForum\Core\Paginate' not found in C:\xampp\htdocs\ddforum\test.php on line 25
[10-May-2016 09:45:47 UTC] PHP Stack trace:
[10-May-2016 09:45:47 UTC] PHP   1. {main}() C:\xampp\htdocs\ddforum\test.php:0
[10-May-2016 09:46:46 UTC] PHP Fatal error:  Class 'DDForum\Core\Paginate' not found in C:\xampp\htdocs\ddforum\test.php on line 25
[10-May-2016 09:46:46 UTC] PHP Stack trace:
[10-May-2016 09:46:46 UTC] PHP   1. {main}() C:\xampp\htdocs\ddforum\test.php:0
[10-May-2016 09:47:10 UTC] PHP Fatal error:  Class 'DDForum\Core\Paginate' not found in C:\xampp\htdocs\ddforum\test.php on line 25
[10-May-2016 09:47:10 UTC] PHP Stack trace:
[10-May-2016 09:47:10 UTC] PHP   1. {main}() C:\xampp\htdocs\ddforum\test.php:0
[10-May-2016 09:47:24 UTC] PHP Fatal error:  Class 'Paginate' not found in C:\xampp\htdocs\ddforum\test.php on line 25
[10-May-2016 09:47:24 UTC] PHP Stack trace:
[10-May-2016 09:47:24 UTC] PHP   1. {main}() C:\xampp\htdocs\ddforum\test.php:0
[10-May-2016 09:48:04 UTC] PHP Fatal error:  Cannot redeclare class Paginate in C:\xampp\htdocs\ddforum\core\Paginate.php on line 6
[10-May-2016 09:48:04 UTC] PHP Stack trace:
[10-May-2016 09:48:04 UTC] PHP   1. {main}() C:\xampp\htdocs\ddforum\test.php:0
[10-May-2016 09:48:04 UTC] PHP   2. spl_autoload_call() C:\xampp\htdocs\ddforum\test.php:27
[10-May-2016 09:48:04 UTC] PHP   3. Composer\Autoload\ClassLoader->loadClass() C:\xampp\htdocs\ddforum\test.php:27
[10-May-2016 09:48:04 UTC] PHP   4. Composer\Autoload\includeFile() C:\xampp\htdocs\ddforum\vendor\composer\ClassLoader.php:301
[10-May-2016 09:48:04 UTC] PHP   5. include() C:\xampp\htdocs\ddforum\vendor\composer\ClassLoader.php:412
[10-May-2016 09:49:45 UTC] PHP Fatal error:  Class 'DDForum\Core\Paginate' not found in C:\xampp\htdocs\ddforum\test.php on line 27
[10-May-2016 09:49:45 UTC] PHP Stack trace:
[10-May-2016 09:49:45 UTC] PHP   1. {main}() C:\xampp\htdocs\ddforum\test.php:0
[10-May-2016 09:50:25 UTC] PHP Fatal error:  Class 'DDForum\Core\Paginate' not found in C:\xampp\htdocs\ddforum\test.php on line 29
[10-May-2016 09:50:25 UTC] PHP Stack trace:
[10-May-2016 09:50:25 UTC] PHP   1. {main}() C:\xampp\htdocs\ddforum\test.php:0
[10-May-2016 09:52:29 UTC] PHP Fatal error:  Class 'DDForum\Core\Paginate' not found in C:\xampp\htdocs\ddforum\test.php on line 29
[10-May-2016 09:52:29 UTC] PHP Stack trace:
[10-May-2016 09:52:29 UTC] PHP   1. {main}() C:\xampp\htdocs\ddforum\test.php:0
[10-May-2016 09:53:32 UTC] PHP Fatal error:  Class 'DDForum\Core\Paginate' not found in C:\xampp\htdocs\ddforum\test.php on line 29
[10-May-2016 09:53:32 UTC] PHP Stack trace:
[10-May-2016 09:53:32 UTC] PHP   1. {main}() C:\xampp\htdocs\ddforum\test.php:0
[10-May-2016 09:58:16 UTC] PHP Fatal error:  Class 'DDForum\Core\Paginate' not found in C:\xampp\htdocs\ddforum\test.php on line 29
[10-May-2016 09:58:16 UTC] PHP Stack trace:
[10-May-2016 09:58:16 UTC] PHP   1. {main}() C:\xampp\htdocs\ddforum\test.php:0
[10-May-2016 10:18:58 UTC] PHP Parse error:  syntax error, unexpected '$output' (T_VARIABLE) in C:\xampp\htdocs\ddforum\core\Paginate.php on line 32
[10-May-2016 10:18:58 UTC] PHP Stack trace:
[10-May-2016 10:18:58 UTC] PHP   1. {main}() C:\xampp\htdocs\ddforum\test.php:0
[10-May-2016 10:18:58 UTC] PHP   2. spl_autoload_call() C:\xampp\htdocs\ddforum\test.php:29
[10-May-2016 10:18:58 UTC] PHP   3. Composer\Autoload\ClassLoader->loadClass() C:\xampp\htdocs\ddforum\test.php:29
[10-May-2016 10:18:58 UTC] PHP   4. Composer\Autoload\includeFile() C:\xampp\htdocs\ddforum\vendor\composer\ClassLoader.php:301
[10-May-2016 12:05:49 UTC] PHP Fatal error:  Class 'Databse' not found in C:\xampp\htdocs\ddforum\test.php on line 39
[10-May-2016 12:05:49 UTC] PHP Stack trace:
[10-May-2016 12:05:49 UTC] PHP   1. {main}() C:\xampp\htdocs\ddforum\test.php:0
[10-May-2016 12:05:49 UTC] PHP   2. Base->getAll() C:\xampp\htdocs\ddforum\test.php:54
[10-May-2016 12:07:13 UTC] PHP Fatal error:  Call to a member function paginate() on array in C:\xampp\htdocs\ddforum\test.php on line 54
[10-May-2016 12:07:13 UTC] PHP Stack trace:
[10-May-2016 12:07:13 UTC] PHP   1. {main}() C:\xampp\htdocs\ddforum\test.php:0
[10-May-2016 12:08:25 UTC] PHP Fatal error:  Call to a member function paginate() on array in C:\xampp\htdocs\ddforum\test.php on line 54
[10-May-2016 12:08:25 UTC] PHP Stack trace:
[10-May-2016 12:08:25 UTC] PHP   1. {main}() C:\xampp\htdocs\ddforum\test.php:0
[10-May-2016 13:28:57 UTC] PHP Fatal error:  Class 'Databse' not found in C:\xampp\htdocs\ddforum\test.php on line 40
[10-May-2016 13:28:57 UTC] PHP Stack trace:
[10-May-2016 13:28:57 UTC] PHP   1. {main}() C:\xampp\htdocs\ddforum\test.php:0
[10-May-2016 13:28:57 UTC] PHP   2. Base->all() C:\xampp\htdocs\ddforum\test.php:55
[10-May-2016 16:03:07 UTC] PHP Fatal error:  Call to a member function get_user() on null in C:\xampp\htdocs\ddforum\topic.php on line 109
[10-May-2016 16:03:07 UTC] PHP Stack trace:
[10-May-2016 16:03:07 UTC] PHP   1. {main}() C:\xampp\htdocs\ddforum\topic.php:0
[10-May-2016 16:04:08 UTC] PHP Fatal error:  Call to a member function get_user() on null in C:\xampp\htdocs\ddforum\topic.php on line 109
[10-May-2016 16:04:08 UTC] PHP Stack trace:
[10-May-2016 16:04:08 UTC] PHP   1. {main}() C:\xampp\htdocs\ddforum\topic.php:0
[10-May-2016 16:04:15 UTC] PHP Fatal error:  Call to a member function get_user() on null in C:\xampp\htdocs\ddforum\topic.php on line 109
[10-May-2016 16:04:15 UTC] PHP Stack trace:
[10-May-2016 16:04:15 UTC] PHP   1. {main}() C:\xampp\htdocs\ddforum\topic.php:0
[10-May-2016 16:04:25 UTC] PHP Fatal error:  Call to a member function get_user() on null in C:\xampp\htdocs\ddforum\topic.php on line 109
[10-May-2016 16:04:25 UTC] PHP Stack trace:
[10-May-2016 16:04:25 UTC] PHP   1. {main}() C:\xampp\htdocs\ddforum\topic.php:0
[16-May-2016 20:50:37 UTC] PHP Fatal error:  Class 'Util' not found in C:\xampp\htdocs\ddforum\test.php on line 26
[16-May-2016 20:50:37 UTC] PHP Stack trace:
[16-May-2016 20:50:37 UTC] PHP   1. {main}() C:\xampp\htdocs\ddforum\test.php:0
[16-May-2016 20:50:56 UTC] PHP Fatal error:  [] operator not supported for strings in C:\xampp\htdocs\ddforum\core\Util.php on line 190
[16-May-2016 20:50:56 UTC] PHP Stack trace:
[16-May-2016 20:50:56 UTC] PHP   1. {main}() C:\xampp\htdocs\ddforum\test.php:0
[16-May-2016 20:50:56 UTC] PHP   2. DDForum\Core\Util::selectDate() C:\xampp\htdocs\ddforum\test.php:27
[16-May-2016 20:52:10 UTC] PHP Fatal error:  Call to undefined function DDForum\Core\selected() in C:\xampp\htdocs\ddforum\core\Util.php on line 194
[16-May-2016 20:52:10 UTC] PHP Stack trace:
[16-May-2016 20:52:10 UTC] PHP   1. {main}() C:\xampp\htdocs\ddforum\test.php:0
[16-May-2016 20:52:10 UTC] PHP   2. DDForum\Core\Util::selectDate() C:\xampp\htdocs\ddforum\test.php:27
