[27-Apr-2017 22:31:26 UTC] PHP Notice:  Undefined property: DDForum\Core\Forum::$forumID in /Applications/MAMP/htdocs/ddforum/admin/topic-edit.php on line 98
[27-Apr-2017 22:31:26 UTC] PHP Notice:  Undefined property: DDForum\Core\Forum::$forum_name in /Applications/MAMP/htdocs/ddforum/admin/topic-edit.php on line 98
[27-Apr-2017 22:31:26 UTC] PHP Notice:  Undefined property: DDForum\Core\Forum::$forumID in /Applications/MAMP/htdocs/ddforum/admin/topic-edit.php on line 99
[27-Apr-2017 22:31:26 UTC] PHP Notice:  Undefined property: DDForum\Core\Forum::$forumID in /Applications/MAMP/htdocs/ddforum/admin/topic-edit.php on line 98
[27-Apr-2017 22:31:26 UTC] PHP Notice:  Undefined property: DDForum\Core\Forum::$forum_name in /Applications/MAMP/htdocs/ddforum/admin/topic-edit.php on line 98
[27-Apr-2017 22:31:26 UTC] PHP Notice:  Undefined property: DDForum\Core\Forum::$forumID in /Applications/MAMP/htdocs/ddforum/admin/topic-edit.php on line 99
[27-Apr-2017 22:32:11 UTC] PHP Notice:  Undefined property: DDForum\Core\Forum::$forumID in /Applications/MAMP/htdocs/ddforum/admin/topic-edit.php on line 98
[27-Apr-2017 22:32:11 UTC] PHP Notice:  Undefined property: DDForum\Core\Forum::$forum_name in /Applications/MAMP/htdocs/ddforum/admin/topic-edit.php on line 98
[27-Apr-2017 22:32:11 UTC] PHP Notice:  Undefined property: DDForum\Core\Forum::$forumID in /Applications/MAMP/htdocs/ddforum/admin/topic-edit.php on line 99
[27-Apr-2017 22:32:11 UTC] PHP Notice:  Undefined property: DDForum\Core\Forum::$forumID in /Applications/MAMP/htdocs/ddforum/admin/topic-edit.php on line 98
[27-Apr-2017 22:32:11 UTC] PHP Notice:  Undefined property: DDForum\Core\Forum::$forum_name in /Applications/MAMP/htdocs/ddforum/admin/topic-edit.php on line 98
[27-Apr-2017 22:32:11 UTC] PHP Notice:  Undefined property: DDForum\Core\Forum::$forumID in /Applications/MAMP/htdocs/ddforum/admin/topic-edit.php on line 99
[27-Apr-2017 22:32:47 UTC] PHP Notice:  Undefined property: DDForum\Core\Forum::$forumID in /Applications/MAMP/htdocs/ddforum/admin/topic-edit.php on line 98
[27-Apr-2017 22:32:47 UTC] PHP Notice:  Undefined property: DDForum\Core\Forum::$forum_name in /Applications/MAMP/htdocs/ddforum/admin/topic-edit.php on line 98
[27-Apr-2017 22:32:47 UTC] PHP Notice:  Undefined property: DDForum\Core\Forum::$forumID in /Applications/MAMP/htdocs/ddforum/admin/topic-edit.php on line 99
[27-Apr-2017 22:32:47 UTC] PHP Notice:  Undefined property: DDForum\Core\Forum::$forumID in /Applications/MAMP/htdocs/ddforum/admin/topic-edit.php on line 98
[27-Apr-2017 22:32:47 UTC] PHP Notice:  Undefined property: DDForum\Core\Forum::$forum_name in /Applications/MAMP/htdocs/ddforum/admin/topic-edit.php on line 98
[27-Apr-2017 22:32:47 UTC] PHP Notice:  Undefined property: DDForum\Core\Forum::$forumID in /Applications/MAMP/htdocs/ddforum/admin/topic-edit.php on line 99
[27-Apr-2017 22:33:01 UTC] PHP Notice:  Undefined property: DDForum\Core\Forum::$forumID in /Applications/MAMP/htdocs/ddforum/admin/reply-edit.php on line 94
[27-Apr-2017 22:33:01 UTC] PHP Notice:  Undefined property: DDForum\Core\Forum::$forum_name in /Applications/MAMP/htdocs/ddforum/admin/reply-edit.php on line 94
[27-Apr-2017 22:33:01 UTC] PHP Notice:  Undefined property: DDForum\Core\Forum::$forumID in /Applications/MAMP/htdocs/ddforum/admin/reply-edit.php on line 95
[27-Apr-2017 22:33:01 UTC] PHP Notice:  Undefined property: DDForum\Core\Forum::$forumID in /Applications/MAMP/htdocs/ddforum/admin/reply-edit.php on line 94
[27-Apr-2017 22:33:01 UTC] PHP Notice:  Undefined property: DDForum\Core\Forum::$forum_name in /Applications/MAMP/htdocs/ddforum/admin/reply-edit.php on line 94
[27-Apr-2017 22:33:01 UTC] PHP Notice:  Undefined property: DDForum\Core\Forum::$forumID in /Applications/MAMP/htdocs/ddforum/admin/reply-edit.php on line 95
[27-Apr-2017 22:33:01 UTC] PHP Notice:  Undefined property: DDForum\Core\Forum::$forumID in /Applications/MAMP/htdocs/ddforum/admin/reply-edit.php on line 94
[27-Apr-2017 22:33:01 UTC] PHP Notice:  Undefined property: DDForum\Core\Forum::$forum_name in /Applications/MAMP/htdocs/ddforum/admin/reply-edit.php on line 94
[27-Apr-2017 22:33:01 UTC] PHP Notice:  Undefined property: DDForum\Core\Forum::$forumID in /Applications/MAMP/htdocs/ddforum/admin/reply-edit.php on line 95
[27-Apr-2017 22:33:01 UTC] PHP Notice:  Undefined property: DDForum\Core\Forum::$forumID in /Applications/MAMP/htdocs/ddforum/admin/reply-edit.php on line 94
[27-Apr-2017 22:33:01 UTC] PHP Notice:  Undefined property: DDForum\Core\Forum::$forum_name in /Applications/MAMP/htdocs/ddforum/admin/reply-edit.php on line 94
[27-Apr-2017 22:33:01 UTC] PHP Notice:  Undefined property: DDForum\Core\Forum::$forumID in /Applications/MAMP/htdocs/ddforum/admin/reply-edit.php on line 95
[27-Apr-2017 22:33:01 UTC] PHP Notice:  Undefined property: DDForum\Core\Forum::$forumID in /Applications/MAMP/htdocs/ddforum/admin/reply-edit.php on line 94
[27-Apr-2017 22:33:01 UTC] PHP Notice:  Undefined property: DDForum\Core\Forum::$forum_name in /Applications/MAMP/htdocs/ddforum/admin/reply-edit.php on line 94
[27-Apr-2017 22:33:01 UTC] PHP Notice:  Undefined property: DDForum\Core\Forum::$forumID in /Applications/MAMP/htdocs/ddforum/admin/reply-edit.php on line 95
[27-Apr-2017 22:33:55 UTC] PHP Notice:  Undefined property: DDForum\Core\Forum::$forumID in /Applications/MAMP/htdocs/ddforum/admin/reply-edit.php on line 94
[27-Apr-2017 22:33:55 UTC] PHP Notice:  Undefined property: DDForum\Core\Forum::$forum_name in /Applications/MAMP/htdocs/ddforum/admin/reply-edit.php on line 94
[27-Apr-2017 22:33:55 UTC] PHP Notice:  Undefined property: DDForum\Core\Forum::$forumID in /Applications/MAMP/htdocs/ddforum/admin/reply-edit.php on line 95
[27-Apr-2017 22:33:55 UTC] PHP Notice:  Undefined property: DDForum\Core\Forum::$forumID in /Applications/MAMP/htdocs/ddforum/admin/reply-edit.php on line 94
[27-Apr-2017 22:33:55 UTC] PHP Notice:  Undefined property: DDForum\Core\Forum::$forum_name in /Applications/MAMP/htdocs/ddforum/admin/reply-edit.php on line 94
[27-Apr-2017 22:33:55 UTC] PHP Notice:  Undefined property: DDForum\Core\Forum::$forumID in /Applications/MAMP/htdocs/ddforum/admin/reply-edit.php on line 95
[27-Apr-2017 22:33:55 UTC] PHP Notice:  Undefined property: DDForum\Core\Forum::$forumID in /Applications/MAMP/htdocs/ddforum/admin/reply-edit.php on line 94
[27-Apr-2017 22:33:55 UTC] PHP Notice:  Undefined property: DDForum\Core\Forum::$forum_name in /Applications/MAMP/htdocs/ddforum/admin/reply-edit.php on line 94
[27-Apr-2017 22:33:55 UTC] PHP Notice:  Undefined property: DDForum\Core\Forum::$forumID in /Applications/MAMP/htdocs/ddforum/admin/reply-edit.php on line 95
[27-Apr-2017 22:33:55 UTC] PHP Notice:  Undefined property: DDForum\Core\Forum::$forumID in /Applications/MAMP/htdocs/ddforum/admin/reply-edit.php on line 94
[27-Apr-2017 22:33:55 UTC] PHP Notice:  Undefined property: DDForum\Core\Forum::$forum_name in /Applications/MAMP/htdocs/ddforum/admin/reply-edit.php on line 94
[27-Apr-2017 22:33:55 UTC] PHP Notice:  Undefined property: DDForum\Core\Forum::$forumID in /Applications/MAMP/htdocs/ddforum/admin/reply-edit.php on line 95
[27-Apr-2017 22:33:55 UTC] PHP Notice:  Undefined property: DDForum\Core\Forum::$forumID in /Applications/MAMP/htdocs/ddforum/admin/reply-edit.php on line 94
[27-Apr-2017 22:33:55 UTC] PHP Notice:  Undefined property: DDForum\Core\Forum::$forum_name in /Applications/MAMP/htdocs/ddforum/admin/reply-edit.php on line 94
[27-Apr-2017 22:33:55 UTC] PHP Notice:  Undefined property: DDForum\Core\Forum::$forumID in /Applications/MAMP/htdocs/ddforum/admin/reply-edit.php on line 95
[27-Apr-2017 22:35:00 UTC] PHP Notice:  Undefined property: DDForum\Core\Forum::$forumID in /Applications/MAMP/htdocs/ddforum/admin/reply-edit.php on line 94
[27-Apr-2017 22:35:00 UTC] PHP Notice:  Undefined property: DDForum\Core\Forum::$forum_name in /Applications/MAMP/htdocs/ddforum/admin/reply-edit.php on line 94
[27-Apr-2017 22:35:00 UTC] PHP Notice:  Undefined property: DDForum\Core\Forum::$forumID in /Applications/MAMP/htdocs/ddforum/admin/reply-edit.php on line 95
[27-Apr-2017 22:35:00 UTC] PHP Notice:  Undefined property: DDForum\Core\Forum::$forumID in /Applications/MAMP/htdocs/ddforum/admin/reply-edit.php on line 94
[27-Apr-2017 22:35:00 UTC] PHP Notice:  Undefined property: DDForum\Core\Forum::$forum_name in /Applications/MAMP/htdocs/ddforum/admin/reply-edit.php on line 94
[27-Apr-2017 22:35:00 UTC] PHP Notice:  Undefined property: DDForum\Core\Forum::$forumID in /Applications/MAMP/htdocs/ddforum/admin/reply-edit.php on line 95
[27-Apr-2017 22:35:00 UTC] PHP Notice:  Undefined property: DDForum\Core\Forum::$forumID in /Applications/MAMP/htdocs/ddforum/admin/reply-edit.php on line 94
[27-Apr-2017 22:35:00 UTC] PHP Notice:  Undefined property: DDForum\Core\Forum::$forum_name in /Applications/MAMP/htdocs/ddforum/admin/reply-edit.php on line 94
[27-Apr-2017 22:35:00 UTC] PHP Notice:  Undefined property: DDForum\Core\Forum::$forumID in /Applications/MAMP/htdocs/ddforum/admin/reply-edit.php on line 95
[27-Apr-2017 22:35:00 UTC] PHP Notice:  Undefined property: DDForum\Core\Forum::$forumID in /Applications/MAMP/htdocs/ddforum/admin/reply-edit.php on line 94
[27-Apr-2017 22:35:00 UTC] PHP Notice:  Undefined property: DDForum\Core\Forum::$forum_name in /Applications/MAMP/htdocs/ddforum/admin/reply-edit.php on line 94
[27-Apr-2017 22:35:00 UTC] PHP Notice:  Undefined property: DDForum\Core\Forum::$forumID in /Applications/MAMP/htdocs/ddforum/admin/reply-edit.php on line 95
[27-Apr-2017 22:35:00 UTC] PHP Notice:  Undefined property: DDForum\Core\Forum::$forumID in /Applications/MAMP/htdocs/ddforum/admin/reply-edit.php on line 94
[27-Apr-2017 22:35:00 UTC] PHP Notice:  Undefined property: DDForum\Core\Forum::$forum_name in /Applications/MAMP/htdocs/ddforum/admin/reply-edit.php on line 94
[27-Apr-2017 22:35:00 UTC] PHP Notice:  Undefined property: DDForum\Core\Forum::$forumID in /Applications/MAMP/htdocs/ddforum/admin/reply-edit.php on line 95
[27-Apr-2017 22:35:26 UTC] PHP Notice:  Undefined property: DDForum\Core\Forum::$forumID in /Applications/MAMP/htdocs/ddforum/admin/reply-edit.php on line 94
[27-Apr-2017 22:35:26 UTC] PHP Notice:  Undefined property: DDForum\Core\Forum::$forum_name in /Applications/MAMP/htdocs/ddforum/admin/reply-edit.php on line 94
[27-Apr-2017 22:35:26 UTC] PHP Notice:  Undefined property: DDForum\Core\Forum::$forumID in /Applications/MAMP/htdocs/ddforum/admin/reply-edit.php on line 95
[27-Apr-2017 22:35:26 UTC] PHP Notice:  Undefined property: DDForum\Core\Forum::$forumID in /Applications/MAMP/htdocs/ddforum/admin/reply-edit.php on line 94
[27-Apr-2017 22:35:26 UTC] PHP Notice:  Undefined property: DDForum\Core\Forum::$forum_name in /Applications/MAMP/htdocs/ddforum/admin/reply-edit.php on line 94
[27-Apr-2017 22:35:26 UTC] PHP Notice:  Undefined property: DDForum\Core\Forum::$forumID in /Applications/MAMP/htdocs/ddforum/admin/reply-edit.php on line 95
[27-Apr-2017 22:35:26 UTC] PHP Notice:  Undefined property: DDForum\Core\Forum::$forumID in /Applications/MAMP/htdocs/ddforum/admin/reply-edit.php on line 94
[27-Apr-2017 22:35:26 UTC] PHP Notice:  Undefined property: DDForum\Core\Forum::$forum_name in /Applications/MAMP/htdocs/ddforum/admin/reply-edit.php on line 94
[27-Apr-2017 22:35:26 UTC] PHP Notice:  Undefined property: DDForum\Core\Forum::$forumID in /Applications/MAMP/htdocs/ddforum/admin/reply-edit.php on line 95
[27-Apr-2017 22:35:26 UTC] PHP Notice:  Undefined property: DDForum\Core\Forum::$forumID in /Applications/MAMP/htdocs/ddforum/admin/reply-edit.php on line 94
[27-Apr-2017 22:35:26 UTC] PHP Notice:  Undefined property: DDForum\Core\Forum::$forum_name in /Applications/MAMP/htdocs/ddforum/admin/reply-edit.php on line 94
[27-Apr-2017 22:35:26 UTC] PHP Notice:  Undefined property: DDForum\Core\Forum::$forumID in /Applications/MAMP/htdocs/ddforum/admin/reply-edit.php on line 95
[27-Apr-2017 22:35:26 UTC] PHP Notice:  Undefined property: DDForum\Core\Forum::$forumID in /Applications/MAMP/htdocs/ddforum/admin/reply-edit.php on line 94
[27-Apr-2017 22:35:26 UTC] PHP Notice:  Undefined property: DDForum\Core\Forum::$forum_name in /Applications/MAMP/htdocs/ddforum/admin/reply-edit.php on line 94
[27-Apr-2017 22:35:26 UTC] PHP Notice:  Undefined property: DDForum\Core\Forum::$forumID in /Applications/MAMP/htdocs/ddforum/admin/reply-edit.php on line 95
[27-Apr-2017 22:36:48 UTC] PHP Notice:  Undefined property: DDForum\Core\Forum::$forumID in /Applications/MAMP/htdocs/ddforum/admin/forum-edit.php on line 92
[27-Apr-2017 22:36:48 UTC] PHP Notice:  Undefined property: DDForum\Core\Forum::$forum_name in /Applications/MAMP/htdocs/ddforum/admin/forum-edit.php on line 92
[27-Apr-2017 22:36:48 UTC] PHP Notice:  Undefined property: DDForum\Core\Forum::$forumID in /Applications/MAMP/htdocs/ddforum/admin/forum-edit.php on line 93
[27-Apr-2017 22:37:46 UTC] PHP Notice:  Undefined property: DDForum\Core\Forum::$forumID in /Applications/MAMP/htdocs/ddforum/admin/forum-edit.php on line 92
[27-Apr-2017 22:37:46 UTC] PHP Notice:  Undefined property: DDForum\Core\Forum::$forum_name in /Applications/MAMP/htdocs/ddforum/admin/forum-edit.php on line 92
[27-Apr-2017 22:37:46 UTC] PHP Notice:  Undefined property: DDForum\Core\Forum::$forumID in /Applications/MAMP/htdocs/ddforum/admin/forum-edit.php on line 93
